TN:
SF:src/components/Accordion/Accordion.tsx
FN:15,(anonymous_0)
FN:20,(anonymous_1)
FN:26,(anonymous_2)
FNF:3
FNH:3
FNDA:12,(anonymous_0)
FNDA:6,(anonymous_1)
FNDA:4,(anonymous_2)
DA:14,46
DA:16,12
DA:17,12
DA:19,12
DA:20,6
DA:24,12
DA:27,4
DA:33,46
LF:8
LH:8
BRDA:15,0,0,10
BRDA:15,1,0,10
BRDA:27,2,0,4
BRDA:27,2,1,0
BRF:4
BRH:3
end_of_record
TN:
SF:src/components/Accordion/AccordionDetails.tsx
FN:10,(anonymous_0)
FN:14,(anonymous_1)
FN:26,(anonymous_2)
FNF:3
FNH:3
FNDA:10,(anonymous_0)
FNDA:10,(anonymous_1)
FNDA:9,(anonymous_2)
DA:10,46
DA:11,10
DA:13,10
DA:14,10
DA:24,10
DA:27,9
DA:33,46
LF:7
LH:7
BRDA:16,0,0,2
BRDA:16,0,1,8
BRDA:27,1,0,9
BRDA:27,1,1,0
BRF:4
BRH:3
end_of_record
TN:
SF:src/components/Accordion/AccordionSummary.tsx
FN:25,(anonymous_0)
FN:68,(anonymous_1)
FN:83,(anonymous_2)
FN:123,(anonymous_3)
FN:127,(anonymous_4)
FN:139,(anonymous_5)
FN:146,(anonymous_6)
FNF:7
FNH:6
FNDA:13,(anonymous_0)
FNDA:6,(anonymous_1)
FNDA:7,(anonymous_2)
FNDA:6,(anonymous_3)
FNDA:1,(anonymous_4)
FNDA:0,(anonymous_5)
FNDA:6,(anonymous_6)
DA:24,46
DA:52,13
DA:53,13
DA:54,13
DA:56,13
DA:57,13
DA:58,13
DA:59,13
DA:61,13
DA:66,13
DA:68,13
DA:69,6
DA:70,6
DA:71,1
DA:72,1
DA:75,6
DA:76,1
DA:77,1
DA:80,6
DA:83,13
DA:84,7
DA:86,7
DA:95,7
DA:96,0
DA:105,0
DA:115,7
DA:117,7
DA:118,0
DA:123,13
DA:124,6
DA:127,13
DA:128,1
DA:129,1
DA:131,1
DA:134,13
DA:139,13
DA:140,0
DA:141,0
DA:142,0
DA:146,13
DA:147,6
DA:150,13
DA:195,46
LF:43
LH:37
BRDA:42,0,0,13
BRDA:43,1,0,13
BRDA:44,2,0,13
BRDA:45,3,0,13
BRDA:46,4,0,13
BRDA:70,5,0,1
BRDA:70,5,1,5
BRDA:75,6,0,1
BRDA:75,6,1,5
BRDA:88,7,0,1
BRDA:88,7,1,6
BRDA:95,8,0,0
BRDA:95,8,1,7
BRDA:98,9,0,0
BRDA:98,9,1,0
BRDA:107,10,0,0
BRDA:107,10,1,0
BRDA:117,11,0,0
BRDA:117,11,1,7
BRDA:117,12,0,7
BRDA:117,12,1,1
BRDA:117,12,2,0
BRDA:128,13,0,1
BRDA:128,13,1,0
BRDA:128,14,0,1
BRDA:128,14,1,1
BRDA:141,15,0,0
BRDA:141,15,1,0
BRDA:157,16,0,13
BRDA:157,16,1,0
BRDA:185,17,0,13
BRDA:185,17,1,13
BRF:32
BRH:21
end_of_record
TN:
SF:src/components/Accordion/constants.ts
FNF:0
FNH:0
DA:1,46
DA:2,46
DA:3,46
DA:4,46
DA:5,46
LF:5
LH:5
BRF:0
BRH:0
end_of_record
TN:
SF:src/components/ActivityIndicator/ActivityIndicator.tsx
FN:8,(anonymous_0)
FN:12,(anonymous_1)
FNF:2
FNH:2
FNDA:16,(anonymous_0)
FNDA:8,(anonymous_1)
DA:7,46
DA:9,16
DA:11,16
DA:12,8
DA:16,16
LF:5
LH:5
BRDA:8,0,0,16
BRDA:8,1,0,16
BRDA:16,2,0,16
BRDA:16,2,1,10
BRF:4
BRH:4
end_of_record
TN:
SF:src/components/Alert/Alert.tsx
FN:46,(anonymous_0)
FN:73,(anonymous_1)
FN:77,(anonymous_2)
FNF:3
FNH:3
FNDA:12,(anonymous_0)
FNDA:6,(anonymous_1)
FNDA:6,(anonymous_2)
DA:45,46
DA:65,12
DA:66,12
DA:68,12
DA:73,12
DA:74,6
DA:77,12
DA:78,6
DA:81,12
DA:103,46
LF:10
LH:10
BRDA:59,0,0,12
BRDA:60,1,0,12
BRDA:83,2,0,2
BRDA:83,2,1,10
BRDA:85,3,0,2
BRDA:85,3,1,10
BRDA:90,4,0,2
BRDA:90,4,1,10
BRDA:96,5,0,2
BRDA:96,5,1,10
BRDA:97,6,0,2
BRDA:97,6,1,10
BRF:12
BRH:12
end_of_record
TN:
SF:src/components/Alert/utils.ts
FN:6,(anonymous_0)
FN:20,(anonymous_1)
FNF:2
FNH:2
FNDA:6,(anonymous_0)
FNDA:6,(anonymous_1)
DA:6,46
DA:7,6
DA:8,6
DA:10,6
DA:11,0
DA:17,6
DA:20,46
DA:21,6
DA:23,6
DA:24,6
DA:25,6
DA:27,6
DA:28,0
DA:31,6
LF:14
LH:12
BRDA:10,0,0,0
BRDA:10,0,1,6
BRDA:27,1,0,0
BRDA:27,1,1,6
BRDA:27,2,0,6
BRDA:27,2,1,0
BRDA:32,3,0,6
BRDA:32,3,1,6
BRDA:32,3,2,0
BRF:9
BRH:5
end_of_record
TN:
SF:src/components/AppAlert/AppAlert.tsx
FN:32,(anonymous_0)
FNF:1
FNH:1
FNDA:6,(anonymous_0)
DA:32,46
DA:43,6
DA:45,6
DA:47,1
DA:48,1
DA:51,5
DA:52,4
DA:59,5
DA:64,5
LF:9
LH:9
BRDA:33,0,0,5
BRDA:34,1,0,5
BRDA:36,2,0,4
BRDA:37,3,0,5
BRDA:38,4,0,5
BRDA:45,5,0,1
BRDA:45,5,1,5
BRDA:51,6,0,4
BRDA:51,6,1,1
BRF:9
BRH:9
end_of_record
TN:
SF:src/components/AppBar/AppBar.tsx
FN:12,(anonymous_0)
FN:16,(anonymous_1)
FNF:2
FNH:2
FNDA:1,(anonymous_0)
FNDA:1,(anonymous_1)
DA:12,46
DA:13,1
DA:16,46
DA:17,1
LF:4
LH:4
BRF:0
BRH:0
end_of_record
TN:
SF:src/components/Avatar/Avatar.tsx
FN:9,(anonymous_0)
FNF:1
FNH:1
FNDA:14,(anonymous_0)
DA:9,46
DA:10,14
DA:19,46
DA:26,46
LF:4
LH:4
BRF:0
BRH:0
end_of_record
TN:
SF:src/components/Backdrop/Backdrop.tsx
FN:14,(anonymous_0)
FNF:1
FNH:1
FNDA:3,(anonymous_0)
DA:14,46
DA:25,3
DA:27,3
DA:46,46
LF:4
LH:4
BRDA:18,0,0,3
BRDA:25,1,0,3
BRDA:25,1,1,3
BRDA:38,2,0,3
BRDA:38,2,1,2
BRF:5
BRH:5
end_of_record
TN:
SF:src/components/BackgroundFill/BackgroundFill.tsx
FN:15,(anonymous_0)
FNF:1
FNH:1
FNDA:4,(anonymous_0)
DA:14,46
DA:16,4
DA:17,4
DA:19,4
LF:4
LH:4
BRDA:16,0,0,4
BRDA:16,0,1,3
BRDA:21,1,0,1
BRDA:21,1,1,3
BRDA:22,2,0,1
BRDA:22,2,1,3
BRDA:23,3,0,1
BRDA:23,3,1,3
BRF:8
BRH:8
end_of_record
TN:
SF:src/components/Badge/Badge.tsx
FN:11,(anonymous_0)
FN:20,(anonymous_1)
FN:49,(anonymous_2)
FN:71,(anonymous_3)
FN:76,(anonymous_4)
FN:94,(anonymous_5)
FN:117,(anonymous_6)
FNF:7
FNH:7
FNDA:31,(anonymous_0)
FNDA:62,(anonymous_1)
FNDA:31,(anonymous_2)
FNDA:8,(anonymous_3)
FNDA:62,(anonymous_4)
FNDA:8,(anonymous_5)
FNDA:31,(anonymous_6)
DA:11,46
DA:12,31
DA:19,46
DA:42,62
DA:43,62
DA:44,62
DA:45,62
DA:47,62
DA:49,62
DA:50,31
DA:71,62
DA:72,8
DA:75,62
DA:77,62
DA:78,2
DA:81,60
DA:82,8
DA:85,52
DA:86,0
DA:93,62
DA:95,8
DA:97,8
DA:99,8
DA:100,0
DA:105,8
DA:106,2
DA:108,6
DA:111,8
DA:117,62
DA:118,31
DA:119,31
DA:128,62
DA:141,46
DA:169,46
DA:170,46
LF:35
LH:33
BRDA:27,0,0,56
BRDA:28,1,0,60
BRDA:29,2,0,62
BRDA:30,3,0,60
BRDA:31,4,0,54
BRDA:32,5,0,60
BRDA:35,6,0,62
BRDA:36,7,0,34
BRDA:37,8,0,62
BRDA:47,9,0,62
BRDA:47,9,1,0
BRDA:72,10,0,6
BRDA:72,10,1,2
BRDA:77,11,0,2
BRDA:77,11,1,60
BRDA:81,12,0,8
BRDA:81,12,1,52
BRDA:81,13,0,60
BRDA:81,13,1,58
BRDA:85,14,0,0
BRDA:85,14,1,52
BRDA:99,15,0,0
BRDA:99,15,1,8
BRDA:105,16,0,2
BRDA:105,16,1,6
BRDA:108,17,0,6
BRDA:108,17,1,4
BRDA:111,18,0,0
BRDA:111,18,1,8
BRDA:120,19,0,4
BRDA:120,19,1,27
BRDA:120,20,0,31
BRDA:120,20,1,4
BRDA:121,21,0,0
BRDA:121,21,1,31
BRF:35
BRH:30
end_of_record
TN:
SF:src/components/Badge/constants.ts
FNF:0
FNH:0
DA:3,46
DA:4,46
DA:5,46
DA:6,46
DA:7,46
DA:9,46
DA:10,46
DA:11,46
DA:12,46
LF:9
LH:9
BRF:0
BRH:0
end_of_record
TN:
SF:src/components/Box/Box.tsx
FN:8,(anonymous_0)
FN:12,(anonymous_1)
FN:15,(anonymous_2)
FNF:3
FNH:3
FNDA:1,(anonymous_0)
FNDA:698,(anonymous_1)
FNDA:636,(anonymous_2)
DA:8,46
DA:9,1
DA:12,46
DA:13,698
DA:15,698
DA:16,636
DA:19,698
DA:20,1
DA:27,697
DA:34,46
LF:10
LH:10
BRDA:12,0,0,697
BRDA:16,1,0,44
BRDA:16,1,1,592
BRDA:19,2,0,1
BRDA:19,2,1,697
BRF:5
BRH:5
end_of_record
TN:
SF:src/components/Box/Container.tsx
FN:9,(anonymous_0)
FNF:1
FNH:1
FNDA:15,(anonymous_0)
DA:8,46
DA:10,15
DA:11,15
DA:13,15
LF:4
LH:4
BRDA:11,0,0,10
BRDA:11,0,1,5
BRDA:21,1,0,15
BRDA:21,1,1,12
BRF:4
BRH:4
end_of_record
TN:
SF:src/components/Box/constants.ts
FNF:0
FNH:0
DA:1,46
DA:2,46
DA:3,46
DA:4,46
DA:5,46
LF:5
LH:5
BRF:0
BRH:0
end_of_record
TN:
SF:src/components/Button/BaseButton.tsx
FN:16,(anonymous_0)
FN:41,(anonymous_1)
FN:49,(anonymous_2)
FN:57,(anonymous_3)
FN:74,(anonymous_4)
FN:88,(anonymous_5)
FNF:6
FNH:5
FNDA:213,(anonymous_0)
FNDA:12,(anonymous_1)
FNDA:12,(anonymous_2)
FNDA:13,(anonymous_3)
FNDA:0,(anonymous_4)
FNDA:2,(anonymous_5)
DA:15,46
DA:37,213
DA:38,213
DA:39,213
DA:41,213
DA:42,12
DA:49,213
DA:50,12
DA:57,213
DA:58,13
DA:59,13
DA:60,12
DA:62,13
DA:63,13
DA:64,0
DA:65,0
DA:67,0
DA:70,13
DA:74,213
DA:75,0
DA:76,0
DA:77,0
DA:78,0
DA:79,0
DA:81,0
DA:87,213
DA:89,2
DA:90,2
DA:91,2
DA:92,2
DA:98,213
LF:31
LH:22
BRDA:30,0,0,120
BRDA:31,1,0,148
BRDA:32,2,0,213
BRDA:58,3,0,13
BRDA:58,3,1,0
BRDA:58,4,0,13
BRDA:58,4,1,13
BRDA:58,4,2,13
BRDA:59,5,0,12
BRDA:59,5,1,1
BRDA:63,6,0,0
BRDA:63,6,1,13
BRDA:63,7,0,13
BRDA:63,7,1,11
BRDA:64,8,0,0
BRDA:64,8,1,0
BRDA:75,9,0,0
BRDA:75,9,1,0
BRDA:75,10,0,0
BRDA:75,10,1,0
BRDA:75,10,2,0
BRDA:77,11,0,0
BRDA:77,11,1,0
BRDA:77,12,0,0
BRDA:77,12,1,0
BRDA:78,13,0,0
BRDA:78,13,1,0
BRDA:91,14,0,2
BRDA:91,14,1,0
BRDA:91,15,0,2
BRDA:91,15,1,2
BRDA:111,16,0,48
BRDA:111,16,1,165
BRF:33
BRH:17
end_of_record
TN:
SF:src/components/Button/Button.tsx
FN:14,(anonymous_0)
FN:81,(anonymous_1)
FN:91,(anonymous_2)
FN:101,(anonymous_3)
FN:113,(anonymous_4)
FN:120,(anonymous_5)
FN:127,(anonymous_6)
FN:134,(anonymous_7)
FN:138,(anonymous_8)
FN:171,(anonymous_9)
FNF:10
FNH:10
FNDA:95,(anonymous_0)
FNDA:93,(anonymous_1)
FNDA:95,(anonymous_2)
FNDA:95,(anonymous_3)
FNDA:95,(anonymous_4)
FNDA:95,(anonymous_5)
FNDA:95,(anonymous_6)
FNDA:45,(anonymous_7)
FNDA:45,(anonymous_8)
FNDA:95,(anonymous_9)
DA:13,46
DA:53,95
DA:54,95
DA:56,95
DA:57,95
DA:58,95
DA:60,95
DA:69,95
DA:74,95
DA:79,95
DA:81,95
DA:82,93
DA:91,95
DA:92,95
DA:101,95
DA:102,95
DA:111,95
DA:113,95
DA:114,95
DA:115,0
DA:117,95
DA:120,95
DA:121,95
DA:122,0
DA:124,95
DA:127,95
DA:128,95
DA:129,0
DA:131,95
DA:134,95
DA:135,45
DA:138,95
DA:139,45
DA:141,45
DA:142,1
DA:144,44
DA:147,45
DA:171,95
DA:173,95
DA:175,95
DA:176,4
DA:177,91
DA:178,2
DA:179,89
DA:180,53
DA:181,0
DA:182,0
DA:183,53
DA:184,0
DA:185,0
DA:187,53
DA:189,36
DA:190,0
DA:192,36
DA:195,95
DA:196,0
DA:205,95
DA:206,2
DA:208,93
DA:222,95
DA:244,46
LF:61
LH:52
BRDA:26,0,0,91
BRDA:27,1,0,95
BRDA:37,2,0,95
BRDA:38,3,0,95
BRDA:40,4,0,95
BRDA:42,5,0,95
BRDA:43,6,0,95
BRDA:44,7,0,95
BRDA:45,8,0,67
BRDA:46,9,0,49
BRDA:47,10,0,85
BRDA:48,11,0,93
BRDA:69,12,0,95
BRDA:69,12,1,89
BRDA:74,13,0,95
BRDA:74,13,1,89
BRDA:79,14,0,95
BRDA:79,14,1,91
BRDA:84,15,0,93
BRDA:84,15,1,57
BRDA:85,16,0,93
BRDA:85,16,1,20
BRDA:86,17,0,93
BRDA:86,17,1,16
BRDA:94,18,0,95
BRDA:94,18,1,59
BRDA:95,19,0,95
BRDA:95,19,1,20
BRDA:96,20,0,95
BRDA:96,20,1,16
BRDA:104,21,0,95
BRDA:104,21,1,59
BRDA:105,22,0,95
BRDA:105,22,1,20
BRDA:106,23,0,95
BRDA:106,23,1,16
BRDA:111,24,0,95
BRDA:111,24,1,95
BRDA:114,25,0,0
BRDA:114,25,1,95
BRDA:117,26,0,95
BRDA:117,26,1,95
BRDA:121,27,0,0
BRDA:121,27,1,95
BRDA:124,28,0,95
BRDA:124,28,1,95
BRDA:128,29,0,0
BRDA:128,29,1,95
BRDA:131,30,0,95
BRDA:131,30,1,95
BRDA:141,31,0,1
BRDA:141,31,1,44
BRDA:144,32,0,44
BRDA:144,32,1,43
BRDA:155,33,0,45
BRDA:155,33,1,45
BRDA:175,34,0,4
BRDA:175,34,1,91
BRDA:177,35,0,2
BRDA:177,35,1,89
BRDA:179,36,0,53
BRDA:179,36,1,36
BRDA:180,37,0,0
BRDA:180,37,1,53
BRDA:183,38,0,0
BRDA:183,38,1,53
BRDA:189,39,0,0
BRDA:189,39,1,36
BRDA:189,40,0,36
BRDA:189,40,1,20
BRDA:189,40,2,20
BRDA:195,41,0,0
BRDA:195,41,1,95
BRDA:205,42,0,2
BRDA:205,42,1,93
BRDA:213,43,0,93
BRDA:213,43,1,93
BRDA:225,44,0,95
BRDA:225,44,1,95
BRDA:235,45,0,95
BRDA:235,45,1,0
BRDA:237,46,0,95
BRDA:237,46,1,0
BRF:83
BRH:74
end_of_record
TN:
SF:src/components/Button/ButtonGroup.tsx
FN:40,(anonymous_0)
FN:66,(anonymous_1)
FN:73,(anonymous_2)
FN:92,(anonymous_3)
FN:93,(anonymous_4)
FNF:5
FNH:5
FNDA:4,(anonymous_0)
FNDA:8,(anonymous_1)
FNDA:8,(anonymous_2)
FNDA:4,(anonymous_3)
FNDA:4,(anonymous_4)
DA:37,46
DA:39,46
DA:56,4
DA:57,4
DA:59,4
DA:60,4
DA:61,4
DA:63,4
DA:64,4
DA:66,4
DA:67,8
DA:68,0
DA:70,8
DA:73,4
DA:79,8
DA:81,8
DA:82,2
DA:83,6
DA:84,0
DA:85,6
DA:86,0
DA:88,6
DA:92,4
DA:93,4
DA:94,4
DA:95,4
DA:97,4
DA:117,4
DA:118,4
DA:126,4
DA:128,0
DA:144,4
LF:32
LH:28
BRDA:47,0,0,4
BRDA:48,1,0,4
BRDA:50,2,0,4
BRDA:51,3,0,4
BRDA:63,4,0,4
BRDA:63,4,1,4
BRDA:64,5,0,4
BRDA:64,5,1,4
BRDA:67,6,0,0
BRDA:67,6,1,8
BRDA:70,7,0,8
BRDA:70,7,1,8
BRDA:77,8,0,0
BRDA:81,9,0,2
BRDA:81,9,1,6
BRDA:81,10,0,8
BRDA:81,10,1,4
BRDA:81,10,2,2
BRDA:83,11,0,0
BRDA:83,11,1,6
BRDA:83,12,0,6
BRDA:83,12,1,0
BRDA:83,12,2,0
BRDA:83,12,3,0
BRDA:83,12,4,0
BRDA:85,13,0,0
BRDA:85,13,1,6
BRDA:85,14,0,6
BRDA:85,14,1,0
BRDA:85,14,2,0
BRDA:85,14,3,0
BRDA:85,14,4,0
BRDA:85,14,5,0
BRDA:98,15,0,2
BRDA:98,15,1,2
BRDA:99,16,0,2
BRDA:99,16,1,2
BRDA:100,17,0,2
BRDA:100,17,1,2
BRDA:101,18,0,2
BRDA:101,18,1,2
BRDA:102,19,0,0
BRDA:102,19,1,4
BRDA:117,20,0,4
BRDA:117,20,1,0
BRF:45
BRH:30
end_of_record
TN:
SF:src/components/Button/IconButton.tsx
FN:11,(anonymous_0)
FN:43,(anonymous_1)
FN:49,(anonymous_2)
FN:57,(anonymous_3)
FN:64,(anonymous_4)
FN:71,(anonymous_5)
FN:78,(anonymous_6)
FN:83,(anonymous_7)
FNF:8
FNH:8
FNDA:4,(anonymous_0)
FNDA:4,(anonymous_1)
FNDA:4,(anonymous_2)
FNDA:2,(anonymous_3)
FNDA:4,(anonymous_4)
FNDA:4,(anonymous_5)
FNDA:2,(anonymous_6)
FNDA:2,(anonymous_7)
DA:10,46
DA:29,4
DA:30,4
DA:31,4
DA:32,4
DA:36,4
DA:39,4
DA:41,4
DA:43,4
DA:44,4
DA:49,4
DA:50,4
DA:57,4
DA:58,2
DA:59,0
DA:61,2
DA:64,4
DA:65,4
DA:66,0
DA:68,4
DA:71,4
DA:72,4
DA:73,0
DA:75,4
DA:78,4
DA:79,2
DA:82,4
DA:84,2
DA:93,4
DA:108,46
LF:30
LH:27
BRDA:19,0,0,4
BRDA:20,1,0,4
BRDA:21,2,0,4
BRDA:22,3,0,4
BRDA:23,4,0,4
BRDA:24,5,0,4
BRDA:39,6,0,4
BRDA:39,6,1,4
BRDA:41,7,0,4
BRDA:41,7,1,4
BRDA:44,8,0,4
BRDA:44,8,1,0
BRDA:52,9,0,4
BRDA:52,9,1,0
BRDA:58,10,0,0
BRDA:58,10,1,2
BRDA:61,11,0,2
BRDA:61,11,1,2
BRDA:65,12,0,0
BRDA:65,12,1,4
BRDA:68,13,0,4
BRDA:68,13,1,4
BRDA:72,14,0,0
BRDA:72,14,1,4
BRDA:75,15,0,4
BRDA:75,15,1,4
BRDA:102,16,0,4
BRDA:102,16,1,4
BRF:28
BRH:23
end_of_record
TN:
SF:src/components/Card/CardAction.tsx
FN:6,(anonymous_0)
FNF:1
FNH:1
FNDA:3,(anonymous_0)
DA:6,46
DA:7,3
LF:2
LH:2
BRF:0
BRH:0
end_of_record
TN:
SF:src/components/Card/CardContent.tsx
FN:6,(anonymous_0)
FNF:1
FNH:1
FNDA:3,(anonymous_0)
DA:6,46
DA:7,3
DA:14,46
LF:3
LH:3
BRF:0
BRH:0
end_of_record
TN:
SF:src/components/Card/CardHeader.tsx
FN:8,(anonymous_0)
FNF:1
FNH:1
FNDA:10,(anonymous_0)
DA:8,46
DA:9,10
DA:10,10
DA:12,10
DA:19,46
LF:5
LH:5
BRF:0
BRH:0
end_of_record
TN:
SF:src/components/Card/CardMedia.tsx
FN:6,(anonymous_0)
FNF:1
FNH:1
FNDA:2,(anonymous_0)
DA:6,46
DA:7,2
LF:2
LH:2
BRF:0
BRH:0
end_of_record
TN:
SF:src/components/CheckBox/CheckBox.tsx
FN:28,(anonymous_0)
FN:64,(anonymous_1)
FN:68,(anonymous_2)
FN:78,(anonymous_3)
FN:106,(anonymous_4)
FN:112,(anonymous_5)
FN:158,(anonymous_6)
FNF:7
FNH:7
FNDA:72,(anonymous_0)
FNDA:36,(anonymous_1)
FNDA:36,(anonymous_2)
FNDA:72,(anonymous_3)
FNDA:2,(anonymous_4)
FNDA:22,(anonymous_5)
FNDA:72,(anonymous_6)
DA:19,46
DA:20,46
DA:21,46
DA:22,46
DA:24,46
DA:25,46
DA:27,46
DA:54,72
DA:55,72
DA:56,72
DA:58,72
DA:62,72
DA:64,72
DA:65,36
DA:68,72
DA:69,36
DA:72,72
DA:74,72
DA:75,72
DA:76,72
DA:78,72
DA:79,72
DA:82,72
DA:83,34
DA:85,38
DA:88,72
DA:95,72
DA:96,6
DA:97,66
DA:98,28
DA:100,38
DA:103,72
DA:106,72
DA:107,2
DA:108,1
DA:112,72
DA:114,22
DA:115,2
DA:117,20
DA:131,22
DA:133,22
DA:158,72
DA:159,72
DA:160,34
DA:163,38
DA:167,72
DA:181,46
LF:47
LH:47
BRDA:45,0,0,68
BRDA:46,1,0,72
BRDA:47,2,0,68
BRDA:48,3,0,38
BRDA:49,4,0,70
BRDA:62,5,0,72
BRDA:62,5,1,62
BRDA:72,6,0,72
BRDA:72,6,1,44
BRDA:75,7,0,72
BRDA:75,7,1,0
BRDA:75,7,2,0
BRDA:75,7,3,0
BRDA:76,8,0,72
BRDA:76,8,1,72
BRDA:76,8,2,70
BRDA:76,8,3,58
BRDA:82,9,0,34
BRDA:82,9,1,38
BRDA:83,10,0,0
BRDA:83,10,1,34
BRDA:85,11,0,2
BRDA:85,11,1,36
BRDA:89,12,0,2
BRDA:89,12,1,70
BRDA:90,13,0,2
BRDA:90,13,1,70
BRDA:95,14,0,6
BRDA:95,14,1,66
BRDA:95,15,0,72
BRDA:95,15,1,12
BRDA:97,16,0,28
BRDA:97,16,1,38
BRDA:107,17,0,1
BRDA:107,17,1,1
BRDA:107,18,0,2
BRDA:107,18,1,2
BRDA:107,18,2,2
BRDA:114,19,0,2
BRDA:114,19,1,20
BRDA:122,20,0,20
BRDA:122,20,1,8
BRDA:131,21,0,2
BRDA:131,21,1,20
BRDA:159,22,0,34
BRDA:159,22,1,38
BRDA:168,23,0,2
BRDA:168,23,1,70
BRDA:169,24,0,72
BRDA:169,24,1,0
BRDA:175,25,0,72
BRDA:175,25,1,22
BRF:52
BRH:47
end_of_record
TN:
SF:src/components/Chip/Chip.tsx
FN:13,(anonymous_0)
FN:58,(anonymous_1)
FN:62,(anonymous_2)
FN:70,(anonymous_3)
FN:78,(anonymous_4)
FN:92,(anonymous_5)
FN:121,(anonymous_6)
FNF:7
FNH:7
FNDA:76,(anonymous_0)
FNDA:76,(anonymous_1)
FNDA:76,(anonymous_2)
FNDA:76,(anonymous_3)
FNDA:38,(anonymous_4)
FNDA:76,(anonymous_5)
FNDA:76,(anonymous_6)
DA:12,46
DA:38,76
DA:39,76
DA:40,76
DA:41,76
DA:43,76
DA:48,76
DA:51,76
DA:53,76
DA:54,76
DA:56,76
DA:58,76
DA:59,76
DA:62,76
DA:63,76
DA:70,76
DA:71,76
DA:72,0
DA:74,76
DA:77,76
DA:79,38
DA:92,76
DA:93,76
DA:121,76
DA:122,76
DA:130,76
DA:131,8
DA:159,68
DA:175,46
LF:29
LH:28
BRDA:28,0,0,76
BRDA:29,1,0,38
BRDA:30,2,0,46
BRDA:31,3,0,74
BRDA:32,4,0,64
BRDA:33,5,0,76
BRDA:40,6,0,76
BRDA:40,6,1,72
BRDA:51,7,0,76
BRDA:51,7,1,70
BRDA:53,8,0,76
BRDA:53,8,1,70
BRDA:54,9,0,76
BRDA:54,9,1,60
BRDA:56,10,0,76
BRDA:56,10,1,74
BRDA:59,11,0,32
BRDA:59,11,1,44
BRDA:65,12,0,32
BRDA:65,12,1,44
BRDA:71,13,0,0
BRDA:71,13,1,76
BRDA:74,14,0,76
BRDA:74,14,1,76
BRDA:126,15,0,2
BRDA:126,15,1,74
BRDA:130,16,0,8
BRDA:130,16,1,68
BRDA:130,17,0,76
BRDA:130,17,1,8
BRDA:143,18,0,8
BRDA:143,18,1,4
BRDA:149,19,0,8
BRDA:149,19,1,4
BRDA:168,20,0,68
BRDA:168,20,1,68
BRF:36
BRH:35
end_of_record
TN:
SF:src/components/Chip/constants.ts
FNF:0
FNH:0
DA:1,46
DA:2,46
DA:3,46
LF:3
LH:3
BRF:0
BRH:0
end_of_record
TN:
SF:src/components/Dialog/Dialog.tsx
FN:9,(anonymous_0)
FNF:1
FNH:1
FNDA:4,(anonymous_0)
DA:9,46
DA:18,4
DA:19,4
DA:20,4
DA:22,4
LF:5
LH:5
BRDA:14,0,0,4
BRDA:15,1,0,4
BRDA:19,2,0,4
BRDA:19,2,1,4
BRDA:20,3,0,4
BRDA:20,3,1,4
BRF:6
BRH:6
end_of_record
TN:
SF:src/components/Dialog/DialogActions.tsx
FN:8,(anonymous_0)
FNF:1
FNH:1
FNDA:2,(anonymous_0)
DA:7,46
DA:9,2
LF:2
LH:2
BRDA:8,0,0,2
BRF:1
BRH:1
end_of_record
TN:
SF:src/components/Dialog/DialogContent.tsx
FN:7,(anonymous_0)
FNF:1
FNH:1
FNDA:2,(anonymous_0)
DA:7,46
DA:8,2
LF:2
LH:2
BRF:0
BRH:0
end_of_record
TN:
SF:src/components/Dialog/DialogContentText.tsx
FN:7,(anonymous_0)
FNF:1
FNH:1
FNDA:69,(anonymous_0)
DA:7,46
DA:8,69
DA:10,69
LF:3
LH:3
BRDA:10,0,0,69
BRDA:10,0,1,65
BRF:2
BRH:2
end_of_record
TN:
SF:src/components/Dialog/DialogTitle.tsx
FN:8,(anonymous_0)
FNF:1
FNH:1
FNDA:69,(anonymous_0)
DA:8,46
DA:9,69
DA:11,69
LF:3
LH:3
BRDA:11,0,0,69
BRDA:11,0,1,65
BRF:2
BRH:2
end_of_record
TN:
SF:src/components/Divider/Divider.tsx
FN:99,(anonymous_0)
FN:131,(anonymous_1)
FN:143,(anonymous_2)
FNF:3
FNH:3
FNDA:42,(anonymous_0)
FNDA:21,(anonymous_1)
FNDA:84,(anonymous_2)
DA:98,46
DA:118,42
DA:119,42
DA:120,42
DA:121,42
DA:122,42
DA:123,42
DA:125,42
DA:126,42
DA:127,42
DA:129,42
DA:131,42
DA:132,21
DA:142,42
DA:144,84
DA:157,42
LF:16
LH:16
BRDA:110,0,0,42
BRDA:111,1,0,28
BRDA:112,2,0,42
BRDA:125,3,0,42
BRDA:125,3,1,38
BRDA:126,4,0,42
BRDA:126,4,1,42
BRDA:127,5,0,42
BRDA:127,5,1,38
BRDA:129,6,0,42
BRDA:129,6,1,22
BRF:11
BRH:11
end_of_record
TN:
SF:src/components/DropDown/DropDown.tsx
FN:212,(anonymous_0)
FN:252,(anonymous_1)
FN:256,(anonymous_2)
FN:261,(anonymous_3)
FN:268,(anonymous_4)
FN:273,(anonymous_5)
FN:279,(anonymous_6)
FN:283,(anonymous_7)
FN:299,(anonymous_8)
FN:389,(anonymous_9)
FN:420,(anonymous_10)
FN:432,(anonymous_11)
FN:434,(anonymous_12)
FN:444,(anonymous_13)
FN:446,(anonymous_14)
FN:479,(anonymous_15)
FN:509,(anonymous_16)
FN:510,(anonymous_17)
FN:517,(anonymous_18)
FN:519,(anonymous_19)
FN:552,(anonymous_20)
FNF:21
FNH:3
FNDA:5,(anonymous_0)
FNDA:0,(anonymous_1)
FNDA:1,(anonymous_2)
FNDA:0,(anonymous_3)
FNDA:0,(anonymous_4)
FNDA:0,(anonymous_5)
FNDA:0,(anonymous_6)
FNDA:0,(anonymous_7)
FNDA:5,(anonymous_8)
FNDA:0,(anonymous_9)
FNDA:0,(anonymous_10)
FNDA:0,(anonymous_11)
FNDA:0,(anonymous_12)
FNDA:0,(anonymous_13)
FNDA:0,(anonymous_14)
FNDA:0,(anonymous_15)
FNDA:0,(anonymous_16)
FNDA:0,(anonymous_17)
FNDA:0,(anonymous_18)
FNDA:0,(anonymous_19)
FNDA:0,(anonymous_20)
DA:212,46
DA:244,5
DA:245,5
DA:246,5
DA:247,5
DA:248,5
DA:250,5
DA:252,5
DA:253,0
DA:256,5
DA:257,1
DA:258,1
DA:260,1
DA:261,1
DA:262,0
DA:265,1
DA:268,5
DA:269,0
DA:270,0
DA:273,5
DA:274,0
DA:276,0
DA:277,0
DA:278,0
DA:279,0
DA:282,0
DA:283,0
DA:287,0
DA:290,0
DA:291,0
DA:294,0
DA:295,0
DA:299,5
DA:300,5
DA:302,5
DA:303,0
DA:304,5
DA:305,0
DA:307,5
DA:310,5
DA:319,5
DA:322,5
DA:332,0
DA:334,0
DA:350,5
DA:389,46
DA:415,0
DA:416,0
DA:417,0
DA:418,0
DA:420,0
DA:421,0
DA:422,0
DA:423,0
DA:424,0
DA:427,0
DA:428,0
DA:432,0
DA:433,0
DA:434,0
DA:435,0
DA:437,0
DA:439,0
DA:443,0
DA:445,0
DA:446,0
DA:452,0
DA:453,0
DA:455,0
DA:458,0
DA:459,0
DA:461,0
DA:466,0
DA:467,0
DA:468,0
DA:469,0
DA:471,0
DA:474,0
DA:479,0
DA:509,0
DA:510,0
DA:511,0
DA:512,0
DA:517,0
DA:518,0
DA:519,0
DA:520,0
DA:524,0
DA:552,0
DA:564,46
DA:565,46
LF:91
LH:28
BRDA:233,0,0,5
BRDA:234,1,0,5
BRDA:235,2,0,5
BRDA:236,3,0,5
BRDA:237,4,0,5
BRDA:238,5,0,5
BRDA:239,6,0,5
BRDA:240,7,0,5
BRDA:241,8,0,5
BRDA:257,9,0,1
BRDA:257,9,1,0
BRDA:257,10,0,1
BRDA:257,10,1,1
BRDA:260,11,0,1
BRDA:260,11,1,0
BRDA:276,12,0,0
BRDA:276,12,1,0
BRDA:277,13,0,0
BRDA:277,13,1,0
BRDA:277,14,0,0
BRDA:277,14,1,0
BRDA:278,15,0,0
BRDA:278,15,1,0
BRDA:282,16,0,0
BRDA:282,16,1,0
BRDA:290,17,0,0
BRDA:290,17,1,0
BRDA:294,18,0,0
BRDA:294,18,1,0
BRDA:294,19,0,0
BRDA:294,19,1,0
BRDA:302,20,0,0
BRDA:302,20,1,5
BRDA:303,21,0,0
BRDA:303,21,1,0
BRDA:303,22,0,0
BRDA:303,22,1,0
BRDA:304,23,0,0
BRDA:304,23,1,5
BRDA:304,24,0,5
BRDA:304,24,1,0
BRDA:319,25,0,0
BRDA:319,25,1,5
BRDA:319,25,2,0
BRDA:319,25,3,0
BRDA:358,26,0,5
BRDA:358,26,1,0
BRDA:358,26,2,0
BRDA:367,27,0,0
BRDA:367,27,1,0
BRDA:421,28,0,0
BRDA:421,28,1,0
BRDA:422,29,0,0
BRDA:422,29,1,0
BRDA:422,30,0,0
BRDA:422,30,1,0
BRDA:427,31,0,0
BRDA:427,31,1,0
BRDA:427,32,0,0
BRDA:427,32,1,0
BRDA:433,33,0,0
BRDA:433,33,1,0
BRDA:446,34,0,0
BRDA:446,34,1,0
BRDA:446,34,2,0
BRDA:452,35,0,0
BRDA:452,35,1,0
BRDA:453,36,0,0
BRDA:453,36,1,0
BRDA:458,37,0,0
BRDA:458,37,1,0
BRDA:459,38,0,0
BRDA:459,38,1,0
BRDA:466,39,0,0
BRDA:466,39,1,0
BRDA:468,40,0,0
BRDA:468,40,1,0
BRDA:477,41,0,0
BRDA:477,41,1,0
BRDA:487,42,0,0
BRDA:487,42,1,0
BRDA:511,43,0,0
BRDA:511,43,1,0
BRDA:518,44,0,0
BRDA:518,44,1,0
BRDA:518,45,0,0
BRDA:518,45,1,0
BRDA:518,45,2,0
BRDA:518,45,3,0
BRDA:537,46,0,0
BRDA:537,46,1,0
BRDA:542,47,0,0
BRDA:542,47,1,0
BRDA:550,48,0,0
BRDA:550,48,1,0
BRF:95
BRH:18
end_of_record
TN:
SF:src/components/Image/Image.tsx
FN:9,(anonymous_0)
FNF:1
FNH:1
FNDA:40,(anonymous_0)
DA:8,46
DA:10,40
DA:12,40
DA:28,46
LF:4
LH:4
BRDA:9,0,0,40
BRDA:17,1,0,40
BRDA:17,1,1,9
BRDA:18,2,0,40
BRDA:18,2,1,1
BRF:5
BRH:5
end_of_record
TN:
SF:src/components/Image/ImageList.tsx
FN:6,(anonymous_0)
FNF:1
FNH:1
FNDA:8,(anonymous_0)
DA:5,46
DA:7,8
DA:18,46
DA:20,46
LF:4
LH:4
BRF:0
BRH:0
end_of_record
TN:
SF:src/components/Image/ImageListItem.tsx
FN:10,(anonymous_0)
FN:31,(anonymous_1)
FNF:2
FNH:2
FNDA:33,(anonymous_0)
FNDA:33,(anonymous_1)
DA:9,46
DA:24,33
DA:25,0
DA:28,33
DA:30,33
DA:31,33
DA:36,33
DA:46,46
LF:8
LH:7
BRDA:17,0,0,33
BRDA:18,1,0,33
BRDA:19,2,0,4
BRDA:24,3,0,0
BRDA:24,3,1,33
BRF:5
BRH:4
end_of_record
TN:
SF:src/components/Image/constants.ts
FNF:0
FNH:0
DA:1,46
DA:2,46
DA:3,46
DA:4,46
DA:5,46
DA:6,46
DA:8,46
DA:9,46
DA:10,46
LF:9
LH:9
BRF:0
BRH:0
end_of_record
TN:
SF:src/components/List/List.tsx
FN:11,(anonymous_0)
FN:29,(anonymous_1)
FNF:2
FNH:2
FNDA:14,(anonymous_0)
FNDA:7,(anonymous_1)
DA:10,46
DA:25,14
DA:26,14
DA:27,14
DA:29,14
DA:31,14
LF:6
LH:6
BRDA:27,0,0,14
BRDA:27,0,1,14
BRDA:33,1,0,14
BRDA:33,1,1,6
BRF:4
BRH:4
end_of_record
TN:
SF:src/components/List/ListItem.tsx
FN:13,(anonymous_0)
FN:51,(anonymous_1)
FN:58,(anonymous_2)
FN:62,(anonymous_3)
FN:67,(anonymous_4)
FN:81,(anonymous_5)
FN:98,(anonymous_6)
FN:109,(anonymous_7)
FNF:8
FNH:8
FNDA:44,(anonymous_0)
FNDA:22,(anonymous_1)
FNDA:22,(anonymous_2)
FNDA:22,(anonymous_3)
FNDA:22,(anonymous_4)
FNDA:22,(anonymous_5)
FNDA:84,(anonymous_6)
FNDA:44,(anonymous_7)
DA:12,46
DA:39,44
DA:40,44
DA:41,44
DA:43,44
DA:48,44
DA:49,44
DA:51,44
DA:52,22
DA:53,2
DA:55,20
DA:58,44
DA:59,22
DA:62,44
DA:63,22
DA:66,44
DA:68,22
DA:81,44
DA:82,22
DA:83,3
DA:86,19
DA:92,19
DA:98,44
DA:99,84
DA:100,80
DA:103,4
DA:104,4
DA:106,4
DA:109,44
DA:110,44
DA:111,40
DA:125,4
DA:126,2
DA:141,2
DA:145,44
LF:35
LH:35
BRDA:27,0,0,42
BRDA:28,1,0,42
BRDA:29,2,0,40
BRDA:30,3,0,38
BRDA:31,4,0,38
BRDA:32,5,0,40
BRDA:33,6,0,38
BRDA:34,7,0,40
BRDA:48,8,0,44
BRDA:48,8,1,42
BRDA:49,9,0,44
BRDA:49,9,1,42
BRDA:52,10,0,2
BRDA:52,10,1,20
BRDA:55,11,0,20
BRDA:55,11,1,20
BRDA:82,12,0,3
BRDA:82,12,1,19
BRDA:93,13,0,19
BRDA:93,13,1,0
BRDA:99,14,0,80
BRDA:99,14,1,4
BRDA:104,15,0,2
BRDA:104,15,1,2
BRDA:110,16,0,40
BRDA:110,16,1,4
BRDA:125,17,0,2
BRDA:125,17,1,2
BRF:28
BRH:27
end_of_record
TN:
SF:src/components/List/ListItemIcon.tsx
FN:7,(anonymous_0)
FNF:1
FNH:0
FNDA:0,(anonymous_0)
DA:7,46
DA:8,0
LF:2
LH:1
BRF:0
BRH:0
end_of_record
TN:
SF:src/components/List/ListItemText.tsx
FN:10,(anonymous_0)
FN:28,(anonymous_1)
FNF:2
FNH:2
FNDA:7,(anonymous_0)
FNDA:7,(anonymous_1)
DA:9,46
DA:27,7
DA:28,7
DA:31,7
DA:33,7
LF:5
LH:5
BRDA:20,0,0,6
BRDA:21,1,0,7
BRDA:35,2,0,7
BRDA:35,2,1,3
BRDA:40,3,0,7
BRDA:40,3,1,2
BRF:6
BRH:6
end_of_record
TN:
SF:src/components/List/constants.ts
FNF:0
FNH:0
DA:1,46
DA:2,46
DA:3,46
DA:4,46
LF:4
LH:4
BRF:0
BRH:0
end_of_record
TN:
SF:src/components/Menu/Menu.tsx
FN:70,(anonymous_0)
FN:94,(anonymous_1)
FN:107,(anonymous_2)
FN:121,(anonymous_3)
FNF:4
FNH:3
FNDA:14,(anonymous_0)
FNDA:7,(anonymous_1)
FNDA:7,(anonymous_2)
FNDA:0,(anonymous_3)
DA:65,46
DA:66,46
DA:67,46
DA:69,46
DA:90,14
DA:91,14
DA:92,14
DA:94,14
DA:95,7
DA:96,0
DA:98,0
DA:99,0
DA:101,0
DA:104,7
DA:107,14
DA:108,7
DA:109,0
DA:110,0
DA:112,0
DA:114,7
DA:117,14
DA:121,14
DA:122,0
DA:123,0
DA:126,14
LF:25
LH:16
BRDA:81,0,0,12
BRDA:82,1,0,14
BRDA:83,2,0,12
BRDA:84,3,0,14
BRDA:85,4,0,14
BRDA:95,5,0,0
BRDA:95,5,1,7
BRDA:95,6,0,7
BRDA:95,6,1,0
BRDA:98,7,0,0
BRDA:98,7,1,0
BRDA:108,8,0,0
BRDA:108,8,1,7
BRDA:108,9,0,7
BRDA:108,9,1,0
BRDA:109,10,0,0
BRDA:109,10,1,0
BRDA:118,11,0,12
BRDA:118,11,1,2
BRF:19
BRH:11
end_of_record
TN:
SF:src/components/Pagination/Pagination.tsx
FN:13,(anonymous_0)
FN:35,(anonymous_1)
FN:35,(anonymous_2)
FN:39,(anonymous_3)
FN:46,(anonymous_4)
FN:89,(anonymous_5)
FN:95,(anonymous_6)
FN:112,(anonymous_7)
FN:118,(anonymous_8)
FNF:9
FNH:8
FNDA:26,(anonymous_0)
FNDA:12,(anonymous_1)
FNDA:120,(anonymous_2)
FNDA:3,(anonymous_3)
FNDA:26,(anonymous_4)
FNDA:12,(anonymous_5)
FNDA:182,(anonymous_6)
FNDA:0,(anonymous_7)
FNDA:3,(anonymous_8)
DA:10,46
DA:12,46
DA:31,26
DA:32,26
DA:33,26
DA:35,120
DA:37,26
DA:39,26
DA:40,3
DA:41,3
DA:42,3
DA:46,26
DA:47,26
DA:49,26
DA:51,0
DA:53,26
DA:55,26
DA:56,130
DA:58,26
DA:59,26
DA:60,26
DA:62,0
DA:64,0
DA:65,0
DA:66,0
DA:67,0
DA:71,0
DA:72,0
DA:74,0
DA:75,0
DA:77,0
DA:78,0
DA:81,0
DA:82,0
DA:86,26
DA:89,26
DA:90,12
DA:93,26
DA:96,182
DA:97,26
DA:111,156
DA:112,0
DA:118,3
LF:43
LH:28
BRDA:23,0,0,26
BRDA:24,1,0,26
BRDA:26,2,0,0
BRDA:33,3,0,26
BRDA:33,3,1,20
BRDA:37,4,0,26
BRDA:37,4,1,18
BRDA:41,5,0,3
BRDA:41,5,1,0
BRDA:41,6,0,3
BRDA:41,6,1,3
BRDA:49,7,0,0
BRDA:49,7,1,26
BRDA:53,8,0,26
BRDA:53,8,1,0
BRDA:58,9,0,26
BRDA:58,9,1,0
BRDA:62,10,0,0
BRDA:62,10,1,0
BRDA:96,11,0,26
BRDA:96,11,1,156
BRDA:96,12,0,182
BRDA:96,12,1,182
BRDA:102,13,0,2
BRDA:102,13,1,24
BRDA:111,14,0,12
BRDA:111,14,1,144
BRF:27
BRH:20
end_of_record
TN:
SF:src/components/Pagination/PaginationItem.tsx
FN:11,(anonymous_0)
FN:27,(anonymous_1)
FN:45,(anonymous_2)
FNF:3
FNH:3
FNDA:144,(anonymous_0)
FNDA:70,(anonymous_1)
FNDA:66,(anonymous_2)
DA:9,46
DA:11,46
DA:24,144
DA:25,144
DA:27,144
DA:28,70
DA:29,13
DA:35,57
DA:44,144
DA:45,66
DA:49,144
LF:11
LH:11
BRDA:18,0,0,60
BRDA:19,1,0,96
BRDA:20,2,0,144
BRDA:21,3,0,144
BRDA:28,4,0,13
BRDA:28,4,1,57
BRF:6
BRH:6
end_of_record
TN:
SF:src/components/Portal/ModalContainer.tsx
FN:8,(anonymous_0)
FN:9,(anonymous_1)
FN:11,(anonymous_2)
FNF:3
FNH:2
FNDA:14,(anonymous_0)
FNDA:14,(anonymous_1)
FNDA:0,(anonymous_2)
DA:7,46
DA:9,14
DA:11,14
DA:12,0
DA:13,0
DA:17,14
LF:6
LH:4
BRDA:12,0,0,0
BRDA:12,0,1,0
BRF:2
BRH:0
end_of_record
TN:
SF:src/components/Portal/Portal.tsx
FN:6,(anonymous_0)
FNF:1
FNH:1
FNDA:12,(anonymous_0)
DA:6,46
DA:7,12
LF:2
LH:2
BRF:0
BRH:0
end_of_record
TN:
SF:src/components/Progress/Progress.tsx
FN:78,(anonymous_0)
FN:104,(anonymous_1)
FN:116,(anonymous_2)
FN:120,(anonymous_3)
FN:143,(anonymous_4)
FN:147,(anonymous_5)
FN:153,(anonymous_6)
FN:158,(anonymous_7)
FN:159,(anonymous_8)
FN:177,(anonymous_9)
FNF:10
FNH:0
FNDA:0,(anonymous_0)
FNDA:0,(anonymous_1)
FNDA:0,(anonymous_2)
FNDA:0,(anonymous_3)
FNDA:0,(anonymous_4)
FNDA:0,(anonymous_5)
FNDA:0,(anonymous_6)
FNDA:0,(anonymous_7)
FNDA:0,(anonymous_8)
FNDA:0,(anonymous_9)
DA:73,46
DA:74,46
DA:75,46
DA:77,46
DA:95,0
DA:96,0
DA:98,0
DA:99,0
DA:101,0
DA:102,0
DA:104,0
DA:105,0
DA:116,0
DA:117,0
DA:120,0
DA:121,0
DA:122,0
DA:123,0
DA:131,0
DA:133,0
DA:135,0
DA:143,0
DA:144,0
DA:147,0
DA:148,0
DA:149,0
DA:153,0
DA:154,0
DA:155,0
DA:158,0
DA:159,0
DA:160,0
DA:177,0
DA:178,0
DA:191,0
DA:194,0
DA:209,46
LF:37
LH:5
BRDA:84,0,0,0
BRDA:85,1,0,0
BRDA:86,2,0,0
BRDA:87,3,0,0
BRDA:88,4,0,0
BRDA:89,5,0,0
BRDA:90,6,0,0
BRDA:121,7,0,0
BRDA:121,7,1,0
BRDA:122,8,0,0
BRDA:122,8,1,0
BRDA:136,9,0,0
BRDA:136,9,1,0
BRDA:148,10,0,0
BRDA:148,10,1,0
BRDA:161,11,0,0
BRDA:161,11,1,0
BRDA:165,12,0,0
BRDA:165,12,1,0
BRDA:166,13,0,0
BRDA:166,13,1,0
BRDA:167,14,0,0
BRDA:167,14,1,0
BRDA:172,15,0,0
BRDA:172,15,1,0
BRDA:179,16,0,0
BRDA:179,16,1,0
BRDA:197,17,0,0
BRDA:197,17,1,0
BRF:29
BRH:0
end_of_record
TN:
SF:src/components/Progress/utils.ts
FN:5,(anonymous_0)
FN:24,(anonymous_1)
FNF:2
FNH:0
FNDA:0,(anonymous_0)
FNDA:0,(anonymous_1)
DA:5,46
DA:14,0
DA:16,0
DA:24,46
DA:29,0
DA:31,0
LF:6
LH:2
BRDA:14,0,0,0
BRDA:14,0,1,0
BRDA:20,1,0,0
BRDA:20,1,1,0
BRDA:29,2,0,0
BRDA:29,2,1,0
BRF:6
BRH:0
end_of_record
TN:
SF:src/components/Radio/Radio.tsx
FN:143,(anonymous_0)
FN:178,(anonymous_1)
FN:184,(anonymous_2)
FN:190,(anonymous_3)
FN:235,(anonymous_4)
FN:289,(anonymous_5)
FN:293,(anonymous_6)
FN:314,(anonymous_7)
FN:333,(anonymous_8)
FN:354,(anonymous_9)
FN:360,(anonymous_10)
FNF:11
FNH:9
FNDA:20,(anonymous_0)
FNDA:1,(anonymous_1)
FNDA:0,(anonymous_2)
FNDA:20,(anonymous_3)
FNDA:0,(anonymous_4)
FNDA:20,(anonymous_5)
FNDA:10,(anonymous_6)
FNDA:18,(anonymous_7)
FNDA:9,(anonymous_8)
FNDA:9,(anonymous_9)
FNDA:9,(anonymous_10)
DA:142,46
DA:173,20
DA:174,20
DA:176,20
DA:178,20
DA:179,1
DA:180,1
DA:184,20
DA:185,0
DA:186,0
DA:190,20
DA:191,20
DA:192,10
DA:193,10
DA:195,10
DA:212,10
DA:218,10
DA:235,20
DA:236,0
DA:244,20
DA:289,46
DA:290,20
DA:291,20
DA:293,20
DA:294,10
DA:302,20
DA:307,20
DA:314,46
DA:324,18
DA:325,18
DA:326,18
DA:328,18
DA:329,18
DA:331,18
DA:333,18
DA:334,9
DA:353,18
DA:354,9
DA:358,18
DA:360,18
DA:361,9
DA:362,0
DA:363,9
DA:364,9
DA:365,0
DA:366,0
DA:368,0
DA:372,18
DA:377,18
DA:382,18
DA:395,46
DA:396,46
DA:397,46
LF:53
LH:46
BRDA:161,0,0,20
BRDA:162,1,0,18
BRDA:163,2,0,20
BRDA:164,3,0,18
BRDA:165,4,0,20
BRDA:166,5,0,20
BRDA:167,6,0,20
BRDA:168,7,0,20
BRDA:176,8,0,20
BRDA:176,9,0,20
BRDA:176,9,1,20
BRDA:179,10,0,1
BRDA:179,10,1,0
BRDA:179,11,0,1
BRDA:179,11,1,1
BRDA:185,12,0,0
BRDA:185,12,1,0
BRDA:191,13,0,10
BRDA:191,13,1,10
BRDA:191,14,0,20
BRDA:191,14,1,14
BRDA:191,14,2,10
BRDA:192,15,0,10
BRDA:192,15,1,8
BRDA:193,16,0,10
BRDA:193,16,1,8
BRDA:195,17,0,2
BRDA:195,17,1,8
BRDA:199,18,0,8
BRDA:199,18,1,4
BRDA:204,19,0,8
BRDA:204,19,1,4
BRDA:246,20,0,20
BRDA:246,20,1,0
BRDA:249,21,0,0
BRDA:249,21,1,0
BRDA:261,22,0,2
BRDA:261,22,1,18
BRDA:263,23,0,2
BRDA:263,23,1,0
BRDA:278,24,0,20
BRDA:278,24,1,20
BRDA:280,25,0,20
BRDA:280,25,1,0
BRDA:295,26,0,1
BRDA:295,26,1,9
BRDA:331,27,0,18
BRDA:331,27,1,18
BRDA:336,28,0,0
BRDA:336,28,1,9
BRDA:340,29,0,0
BRDA:340,29,1,9
BRDA:345,30,0,0
BRDA:345,30,1,9
BRDA:358,31,0,18
BRDA:358,31,1,18
BRDA:361,32,0,0
BRDA:361,32,1,9
BRDA:362,33,0,0
BRDA:362,33,1,0
BRDA:363,34,0,9
BRDA:363,34,1,0
BRDA:364,35,0,9
BRDA:364,35,1,9
BRDA:365,36,0,0
BRDA:365,36,1,0
BRDA:366,37,0,0
BRDA:366,37,1,0
BRF:68
BRH:49
end_of_record
TN:
SF:src/components/Radio/constants.ts
FNF:0
FNH:0
DA:1,46
DA:2,46
DA:3,46
DA:5,46
DA:6,46
DA:7,46
DA:9,46
LF:7
LH:7
BRF:0
BRH:0
end_of_record
TN:
SF:src/components/Ripple/Ripple.tsx
FN:25,(anonymous_0)
FN:30,(anonymous_1)
FN:34,(anonymous_2)
FN:35,(anonymous_3)
FN:38,(anonymous_4)
FN:55,(anonymous_5)
FN:72,(anonymous_6)
FN:75,(anonymous_7)
FN:85,(anonymous_8)
FN:113,(anonymous_9)
FN:125,(anonymous_10)
FNF:11
FNH:3
FNDA:165,(anonymous_0)
FNDA:0,(anonymous_1)
FNDA:0,(anonymous_2)
FNDA:0,(anonymous_3)
FNDA:0,(anonymous_4)
FNDA:0,(anonymous_5)
FNDA:0,(anonymous_6)
FNDA:155,(anonymous_7)
FNDA:0,(anonymous_8)
FNDA:143,(anonymous_9)
FNDA:0,(anonymous_10)
DA:7,46
DA:8,46
DA:10,46
DA:16,46
DA:24,46
DA:26,165
DA:27,165
DA:28,165
DA:30,165
DA:31,0
DA:34,165
DA:35,0
DA:38,165
DA:39,0
DA:41,0
DA:49,0
DA:50,0
DA:51,0
DA:55,165
DA:56,0
DA:64,0
DA:71,0
DA:72,0
DA:75,165
DA:76,155
DA:78,155
DA:79,78
DA:81,77
DA:85,165
DA:86,0
DA:96,0
DA:111,165
DA:114,143
DA:123,165
DA:125,0
DA:131,46
LF:36
LH:22
BRDA:49,0,0,0
BRDA:49,0,1,0
BRDA:76,1,0,0
BRDA:76,1,1,155
BRDA:78,2,0,78
BRDA:78,2,1,77
BRDA:101,3,0,0
BRDA:101,3,1,0
BRF:8
BRH:3
end_of_record
TN:
SF:src/components/Ripple/constants.ts
FNF:0
FNH:0
DA:1,46
DA:2,46
DA:3,46
LF:3
LH:3
BRF:0
BRH:0
end_of_record
TN:
SF:src/components/SegmentedControl/SegmentedControl.tsx
FN:53,(anonymous_0)
FN:76,(anonymous_1)
FN:85,(anonymous_2)
FN:90,(anonymous_3)
FN:97,(anonymous_4)
FN:116,(anonymous_5)
FN:124,(anonymous_6)
FN:144,(anonymous_7)
FNF:8
FNH:0
FNDA:0,(anonymous_0)
FNDA:0,(anonymous_1)
FNDA:0,(anonymous_2)
FNDA:0,(anonymous_3)
FNDA:0,(anonymous_4)
FNDA:0,(anonymous_5)
FNDA:0,(anonymous_6)
FNDA:0,(anonymous_7)
DA:53,46
DA:67,0
DA:68,0
DA:69,0
DA:71,0
DA:73,0
DA:74,0
DA:76,0
DA:77,0
DA:78,0
DA:79,0
DA:80,0
DA:85,0
DA:86,0
DA:87,0
DA:90,0
DA:91,0
DA:92,0
DA:94,0
DA:97,0
DA:98,0
DA:99,0
DA:102,0
DA:105,0
DA:110,0
DA:116,0
DA:117,0
DA:124,0
DA:125,0
DA:126,0
DA:127,0
DA:129,0
DA:135,0
DA:136,0
DA:140,0
DA:145,0
LF:36
LH:1
BRDA:64,0,0,0
BRDA:77,1,0,0
BRDA:77,1,1,0
BRDA:79,2,0,0
BRDA:79,2,1,0
BRDA:91,3,0,0
BRDA:91,3,1,0
BRDA:94,4,0,0
BRDA:94,4,1,0
BRDA:94,5,0,0
BRDA:94,5,1,0
BRDA:98,6,0,0
BRDA:98,6,1,0
BRDA:98,7,0,0
BRDA:98,7,1,0
BRDA:102,8,0,0
BRDA:102,8,1,0
BRDA:102,9,0,0
BRDA:102,9,1,0
BRDA:107,10,0,0
BRDA:107,10,1,0
BRDA:107,11,0,0
BRDA:107,11,1,0
BRDA:119,12,0,0
BRDA:119,12,1,0
BRDA:125,13,0,0
BRDA:125,13,1,0
BRDA:125,14,0,0
BRDA:125,14,1,0
BRDA:135,15,0,0
BRDA:135,15,1,0
BRDA:135,16,0,0
BRDA:135,16,1,0
BRDA:146,17,0,0
BRDA:146,17,1,0
BRF:35
BRH:0
end_of_record
TN:
SF:src/components/SegmentedControl/SegmentedControlContainer.tsx
FN:14,(anonymous_0)
FNF:1
FNH:0
FNDA:0,(anonymous_0)
DA:14,46
DA:15,0
DA:16,0
DA:18,0
LF:4
LH:1
BRF:0
BRH:0
end_of_record
TN:
SF:src/components/SegmentedControl/SegmentedControlItem.tsx
FN:39,(anonymous_0)
FN:48,(anonymous_1)
FN:58,(anonymous_2)
FNF:3
FNH:0
FNDA:0,(anonymous_0)
FNDA:0,(anonymous_1)
FNDA:0,(anonymous_2)
DA:39,46
DA:48,0
DA:49,0
DA:50,0
DA:51,0
DA:53,0
DA:58,0
DA:59,0
DA:60,0
DA:61,0
DA:62,0
DA:70,0
DA:73,0
LF:13
LH:1
BRDA:49,0,0,0
BRDA:49,0,1,0
BRDA:50,1,0,0
BRDA:50,1,1,0
BRDA:50,2,0,0
BRDA:50,2,1,0
BRDA:59,3,0,0
BRDA:59,3,1,0
BRDA:59,4,0,0
BRDA:59,4,1,0
BRDA:61,5,0,0
BRDA:61,5,1,0
BRDA:64,6,0,0
BRDA:64,6,1,0
BRDA:66,7,0,0
BRDA:66,7,1,0
BRF:16
BRH:0
end_of_record
TN:
SF:src/components/Skeleton/Skeleton.tsx
FN:11,(anonymous_0)
FN:17,(anonymous_1)
FN:24,(anonymous_2)
FNF:3
FNH:0
FNDA:0,(anonymous_0)
FNDA:0,(anonymous_1)
FNDA:0,(anonymous_2)
DA:11,46
DA:12,0
DA:14,0
DA:15,0
DA:17,0
DA:18,0
DA:19,0
DA:21,0
DA:24,0
DA:25,0
DA:41,0
DA:46,0
DA:48,46
LF:13
LH:2
BRDA:11,0,0,0
BRDA:18,1,0,0
BRDA:18,1,1,0
BRDA:21,2,0,0
BRDA:21,2,1,0
BRF:5
BRH:0
end_of_record
TN:
SF:src/components/Snackbar/Snackbar.tsx
FN:114,(anonymous_0)
FN:145,(anonymous_1)
FN:149,(anonymous_2)
FN:157,(anonymous_3)
FN:166,(anonymous_4)
FN:174,(anonymous_5)
FN:178,(anonymous_6)
FN:191,(anonymous_7)
FN:200,(anonymous_8)
FN:215,(anonymous_9)
FN:217,(anonymous_10)
FN:225,(anonymous_11)
FN:226,(anonymous_12)
FN:232,(anonymous_13)
FN:236,(anonymous_14)
FN:243,(anonymous_15)
FN:255,(anonymous_16)
FN:277,(anonymous_17)
FNF:18
FNH:0
FNDA:0,(anonymous_0)
FNDA:0,(anonymous_1)
FNDA:0,(anonymous_2)
FNDA:0,(anonymous_3)
FNDA:0,(anonymous_4)
FNDA:0,(anonymous_5)
FNDA:0,(anonymous_6)
FNDA:0,(anonymous_7)
FNDA:0,(anonymous_8)
FNDA:0,(anonymous_9)
FNDA:0,(anonymous_10)
FNDA:0,(anonymous_11)
FNDA:0,(anonymous_12)
FNDA:0,(anonymous_13)
FNDA:0,(anonymous_14)
FNDA:0,(anonymous_15)
FNDA:0,(anonymous_16)
FNDA:0,(anonymous_17)
DA:109,46
DA:110,46
DA:111,46
DA:112,46
DA:114,46
DA:134,0
DA:135,0
DA:137,0
DA:138,0
DA:139,0
DA:140,0
DA:142,0
DA:143,0
DA:145,0
DA:146,0
DA:149,0
DA:150,0
DA:151,0
DA:153,0
DA:157,0
DA:158,0
DA:159,0
DA:161,0
DA:166,0
DA:167,0
DA:168,0
DA:170,0
DA:171,0
DA:174,0
DA:175,0
DA:178,0
DA:180,0
DA:182,0
DA:192,0
DA:193,0
DA:194,0
DA:200,0
DA:202,0
DA:206,0
DA:216,0
DA:217,0
DA:218,0
DA:225,0
DA:226,0
DA:227,0
DA:228,0
DA:229,0
DA:232,0
DA:233,0
DA:236,0
DA:237,0
DA:238,0
DA:242,0
DA:244,0
DA:245,0
DA:248,0
DA:249,0
DA:255,0
DA:256,0
DA:257,0
DA:260,0
DA:262,0
DA:263,0
DA:264,0
DA:265,0
DA:266,0
DA:267,0
DA:268,0
DA:269,0
DA:272,0
DA:274,0
DA:277,0
DA:278,0
DA:279,0
DA:280,0
DA:281,0
DA:283,0
DA:287,0
DA:288,0
DA:291,0
LF:80
LH:5
BRDA:126,0,0,0
BRDA:127,1,0,0
BRDA:128,2,0,0
BRDA:129,3,0,0
BRDA:130,4,0,0
BRDA:138,5,0,0
BRDA:138,5,1,0
BRDA:150,6,0,0
BRDA:150,6,1,0
BRDA:158,7,0,0
BRDA:158,7,1,0
BRDA:167,8,0,0
BRDA:167,8,1,0
BRDA:167,9,0,0
BRDA:167,9,1,0
BRDA:180,10,0,0
BRDA:180,10,1,0
BRDA:180,11,0,0
BRDA:180,11,1,0
BRDA:192,12,0,0
BRDA:192,12,1,0
BRDA:202,13,0,0
BRDA:202,13,1,0
BRDA:204,14,0,0
BRDA:204,14,1,0
BRDA:216,15,0,0
BRDA:216,15,1,0
BRDA:216,16,0,0
BRDA:216,16,1,0
BRDA:244,17,0,0
BRDA:244,17,1,0
BRDA:248,18,0,0
BRDA:248,18,1,0
BRDA:248,19,0,0
BRDA:248,19,1,0
BRDA:256,20,0,0
BRDA:256,20,1,0
BRDA:262,21,0,0
BRDA:262,21,1,0
BRDA:263,22,0,0
BRDA:263,22,1,0
BRDA:264,23,0,0
BRDA:264,23,1,0
BRDA:265,24,0,0
BRDA:265,24,1,0
BRDA:266,25,0,0
BRDA:266,25,1,0
BRDA:267,26,0,0
BRDA:267,26,1,0
BRDA:268,27,0,0
BRDA:268,27,1,0
BRDA:269,28,0,0
BRDA:269,28,1,0
BRDA:272,29,0,0
BRDA:272,29,1,0
BRDA:278,30,0,0
BRDA:278,30,1,0
BRDA:280,31,0,0
BRDA:280,31,1,0
BRDA:280,32,0,0
BRDA:280,32,1,0
BRDA:287,33,0,0
BRDA:287,33,1,0
BRDA:313,34,0,0
BRDA:313,34,1,0
BRDA:315,35,0,0
BRDA:315,35,1,0
BRDA:322,36,0,0
BRDA:322,36,1,0
BRDA:326,37,0,0
BRDA:326,37,1,0
BRF:71
BRH:0
end_of_record
TN:
SF:src/components/Snackbar/constants.ts
FNF:0
FNH:0
DA:1,46
DA:2,46
DA:4,46
LF:3
LH:3
BRF:0
BRH:0
end_of_record
TN:
SF:src/components/Snackbar/helpers.ts
FN:6,(anonymous_0)
FN:9,(anonymous_1)
FNF:2
FNH:2
FNDA:2,(anonymous_0)
FNDA:1,(anonymous_1)
DA:5,46
DA:7,2
DA:10,1
LF:3
LH:3
BRF:0
BRH:0
end_of_record
TN:
SF:src/components/Stack/Stack.tsx
FN:37,(anonymous_0)
FN:40,(anonymous_1)
FN:41,(anonymous_2)
FNF:3
FNH:3
FNDA:5,(anonymous_0)
FNDA:5,(anonymous_1)
FNDA:6,(anonymous_2)
DA:36,46
DA:38,5
DA:40,5
DA:41,5
DA:42,6
DA:43,0
DA:46,6
DA:52,6
DA:62,5
DA:75,46
LF:10
LH:9
BRDA:37,0,0,5
BRDA:37,1,0,4
BRDA:37,2,0,5
BRDA:42,3,0,0
BRDA:42,3,1,6
BRDA:55,4,0,6
BRDA:55,4,1,1
BRDA:67,5,0,5
BRDA:67,5,1,1
BRF:9
BRH:8
end_of_record
TN:
SF:src/components/Stack/utils.ts
FN:4,(anonymous_0)
FNF:1
FNH:1
FNDA:11,(anonymous_0)
DA:4,46
DA:10,11
DA:11,1
DA:14,10
DA:15,7
DA:18,3
DA:19,3
DA:20,3
DA:21,3
DA:23,3
LF:10
LH:10
BRDA:10,0,0,1
BRDA:10,0,1,10
BRDA:14,1,0,7
BRDA:14,1,1,3
BRDA:14,2,0,10
BRDA:14,2,1,10
BRDA:20,3,0,3
BRDA:20,3,1,2
BRDA:20,3,2,1
BRDA:21,4,0,3
BRDA:21,4,1,2
BRDA:24,5,0,3
BRDA:24,5,1,1
BRDA:25,6,0,3
BRDA:25,6,1,1
BRF:15
BRH:15
end_of_record
TN:
SF:src/components/Stepper/QuantityStepper.tsx
FN:13,(anonymous_0)
FN:48,(anonymous_1)
FNF:2
FNH:2
FNDA:12,(anonymous_0)
FNDA:24,(anonymous_1)
DA:9,46
DA:10,46
DA:12,46
DA:38,12
DA:39,12
DA:41,12
DA:42,12
DA:44,12
DA:45,12
DA:47,12
DA:49,24
DA:55,24
DA:56,12
DA:59,24
DA:64,12
LF:15
LH:15
BRDA:25,0,0,12
BRDA:26,1,0,10
BRDA:27,2,0,10
BRDA:28,3,0,12
BRDA:29,4,0,12
BRDA:32,5,0,10
BRDA:33,6,0,10
BRDA:44,7,0,12
BRDA:44,7,1,10
BRDA:44,7,2,4
BRDA:45,8,0,12
BRDA:45,8,1,10
BRDA:45,8,2,6
BRDA:52,9,0,24
BRDA:52,9,1,0
BRDA:55,10,0,12
BRDA:55,10,1,12
BRDA:55,11,0,24
BRDA:55,11,1,12
BRDA:55,11,2,16
BRDA:55,11,3,12
BRDA:68,12,0,12
BRDA:68,12,1,12
BRDA:84,13,0,12
BRDA:84,13,1,12
BRF:25
BRH:24
end_of_record
TN:
SF:src/components/Switch/Switch.tsx
FN:115,(anonymous_0)
FN:157,(anonymous_1)
FN:164,(anonymous_2)
FN:173,(anonymous_3)
FN:201,(anonymous_4)
FN:205,(anonymous_5)
FNF:6
FNH:4
FNDA:14,(anonymous_0)
FNDA:7,(anonymous_1)
FNDA:7,(anonymous_2)
FNDA:7,(anonymous_3)
FNDA:0,(anonymous_4)
FNDA:0,(anonymous_5)
DA:114,46
DA:138,14
DA:140,14
DA:144,14
DA:145,14
DA:146,14
DA:148,14
DA:149,14
DA:151,14
DA:152,14
DA:154,14
DA:155,14
DA:157,14
DA:158,7
DA:159,0
DA:161,7
DA:164,14
DA:165,7
DA:166,0
DA:168,7
DA:171,14
DA:173,14
DA:174,7
DA:201,14
DA:202,0
DA:205,14
DA:206,0
DA:209,14
DA:214,14
DA:231,14
DA:239,14
DA:271,46
DA:273,46
LF:33
LH:29
BRDA:125,0,0,14
BRDA:126,1,0,8
BRDA:127,2,0,14
BRDA:128,3,0,14
BRDA:129,4,0,14
BRDA:130,5,0,14
BRDA:131,6,0,14
BRDA:132,7,0,14
BRDA:154,8,0,14
BRDA:154,8,1,14
BRDA:155,9,0,14
BRDA:155,9,1,14
BRDA:158,10,0,0
BRDA:158,10,1,7
BRDA:161,11,0,7
BRDA:161,11,1,7
BRDA:165,12,0,0
BRDA:165,12,1,7
BRDA:168,13,0,7
BRDA:168,13,1,7
BRDA:171,14,0,14
BRDA:171,14,1,14
BRDA:176,15,0,0
BRDA:176,15,1,7
BRDA:181,16,0,0
BRDA:181,16,1,7
BRDA:210,17,0,0
BRDA:210,17,1,14
BRDA:211,18,0,0
BRDA:211,18,1,14
BRDA:234,19,0,14
BRDA:234,19,1,14
BRDA:235,20,0,14
BRDA:235,20,1,14
BRDA:249,21,0,14
BRDA:249,21,1,0
BRDA:263,22,0,14
BRDA:263,22,1,0
BRF:38
BRH:30
end_of_record
TN:
SF:src/components/Switch/constants.ts
FNF:0
FNH:0
DA:2,46
DA:3,46
DA:4,46
DA:5,46
DA:7,46
DA:8,46
DA:11,46
DA:12,46
DA:13,46
DA:14,46
DA:16,46
DA:17,46
DA:20,46
DA:21,46
DA:22,46
DA:23,46
DA:25,46
DA:26,46
LF:18
LH:18
BRF:0
BRH:0
end_of_record
TN:
SF:src/components/Switch/utils.ts
FN:24,(anonymous_0)
FNF:1
FNH:1
FNDA:28,(anonymous_0)
DA:24,46
DA:31,28
DA:32,28
DA:34,28
DA:36,28
DA:37,4
DA:38,4
DA:40,4
DA:41,4
DA:44,28
DA:45,20
DA:46,20
DA:47,20
DA:48,20
DA:51,28
DA:52,4
DA:53,4
DA:54,4
DA:55,4
DA:58,28
LF:20
LH:20
BRDA:36,0,0,4
BRDA:36,0,1,24
BRDA:37,1,0,0
BRDA:37,1,1,4
BRDA:38,2,0,0
BRDA:38,2,1,4
BRDA:44,3,0,20
BRDA:44,3,1,8
BRDA:45,4,0,0
BRDA:45,4,1,20
BRDA:46,5,0,0
BRDA:46,5,1,20
BRDA:51,6,0,4
BRDA:51,6,1,24
BRDA:52,7,0,0
BRDA:52,7,1,4
BRDA:53,8,0,0
BRDA:53,8,1,4
BRF:18
BRH:12
end_of_record
TN:
SF:src/components/TextField/BaseInput.tsx
FN:7,(anonymous_0)
FNF:1
FNH:1
FNDA:159,(anonymous_0)
DA:7,46
DA:8,159
DA:10,159
LF:3
LH:3
BRF:0
BRH:0
end_of_record
TN:
SF:src/components/TextField/IconInput.tsx
FN:56,(anonymous_0)
FNF:1
FNH:1
FNDA:14,(anonymous_0)
DA:55,46
DA:74,14
DA:75,14
DA:77,14
DA:82,14
DA:86,14
DA:134,46
DA:156,46
LF:8
LH:8
BRDA:68,0,0,14
BRDA:88,1,0,14
BRDA:88,1,1,2
BRDA:100,2,0,14
BRDA:100,2,1,4
BRDA:117,3,0,14
BRDA:117,3,1,4
BRF:7
BRH:7
end_of_record
TN:
SF:src/components/TextField/InputLabel.tsx
FN:9,(anonymous_0)
FN:29,(anonymous_1)
FN:42,(anonymous_2)
FN:46,(anonymous_3)
FNF:4
FNH:3
FNDA:9,(anonymous_0)
FNDA:4,(anonymous_1)
FNDA:4,(anonymous_2)
FNDA:0,(anonymous_3)
DA:9,46
DA:23,9
DA:25,9
DA:26,9
DA:28,9
DA:30,4
DA:41,9
DA:42,4
DA:46,9
DA:47,0
DA:48,0
DA:51,9
DA:60,46
LF:13
LH:11
BRDA:20,0,0,0
BRDA:26,1,0,9
BRDA:26,1,1,9
BRDA:36,2,0,4
BRDA:36,2,1,0
BRF:5
BRH:3
end_of_record
TN:
SF:src/components/TextField/InputOutline.tsx
FN:8,(anonymous_0)
FN:26,(anonymous_1)
FNF:2
FNH:2
FNDA:145,(anonymous_0)
FNDA:76,(anonymous_1)
DA:7,46
DA:24,145
DA:26,145
DA:27,76
DA:55,145
DA:58,46
LF:6
LH:6
BRDA:18,0,0,0
BRF:1
BRH:0
end_of_record
TN:
SF:src/components/TextField/OtpInput.tsx
FN:77,(anonymous_0)
FN:100,(anonymous_1)
FN:117,(anonymous_2)
FN:132,(anonymous_3)
FN:136,(anonymous_4)
FN:140,(anonymous_5)
FN:144,(anonymous_6)
FN:158,(anonymous_7)
FN:159,(anonymous_8)
FN:179,(anonymous_9)
FN:180,(anonymous_10)
FN:181,(anonymous_11)
FN:183,(anonymous_12)
FNF:13
FNH:10
FNDA:22,(anonymous_0)
FNDA:5,(anonymous_1)
FNDA:1,(anonymous_2)
FNDA:0,(anonymous_3)
FNDA:0,(anonymous_4)
FNDA:8,(anonymous_5)
FNDA:7,(anonymous_6)
FNDA:22,(anonymous_7)
FNDA:73,(anonymous_8)
FNDA:146,(anonymous_9)
FNDA:5,(anonymous_10)
FNDA:1,(anonymous_11)
FNDA:0,(anonymous_12)
DA:77,46
DA:92,22
DA:93,22
DA:94,22
DA:96,22
DA:98,22
DA:100,22
DA:101,5
DA:102,0
DA:105,5
DA:106,5
DA:107,5
DA:108,5
DA:109,1
DA:112,5
DA:113,5
DA:117,22
DA:118,1
DA:119,1
DA:120,1
DA:121,1
DA:122,1
DA:123,0
DA:126,1
DA:127,1
DA:132,22
DA:133,0
DA:136,22
DA:137,0
DA:140,22
DA:141,8
DA:144,22
DA:145,7
DA:146,0
DA:148,0
DA:149,0
DA:152,0
DA:153,0
DA:158,22
DA:159,22
DA:160,73
DA:179,146
DA:180,5
DA:181,1
DA:183,0
DA:192,22
DA:195,46
LF:47
LH:37
BRDA:85,0,0,20
BRDA:86,1,0,20
BRDA:87,2,0,22
BRDA:88,3,0,20
BRDA:89,4,0,22
BRDA:101,5,0,0
BRDA:101,5,1,5
BRDA:108,6,0,1
BRDA:108,6,1,4
BRDA:112,7,0,5
BRDA:112,7,1,0
BRDA:112,8,0,5
BRDA:112,8,1,5
BRDA:118,9,0,1
BRDA:118,9,1,0
BRDA:122,10,0,0
BRDA:122,10,1,1
BRDA:126,11,0,1
BRDA:126,11,1,0
BRDA:145,12,0,0
BRDA:145,12,1,7
BRDA:148,13,0,0
BRDA:148,13,1,0
BRDA:175,14,0,73
BRDA:175,14,1,6
BRF:25
BRH:17
end_of_record
TN:
SF:src/components/TextField/TextFieldEndAdornment.tsx
FN:17,(anonymous_0)
FNF:1
FNH:1
FNDA:90,(anonymous_0)
DA:17,46
DA:26,90
DA:27,86
DA:32,4
DA:33,3
DA:35,1
DA:36,0
DA:37,1
DA:38,1
DA:42,4
DA:43,0
DA:46,4
LF:12
LH:10
BRDA:26,0,0,86
BRDA:26,0,1,4
BRDA:26,1,0,90
BRDA:26,1,1,89
BRDA:32,2,0,3
BRDA:32,2,1,1
BRDA:35,3,0,0
BRDA:35,3,1,1
BRDA:35,4,0,1
BRDA:35,4,1,0
BRDA:35,4,2,0
BRDA:37,5,0,1
BRDA:37,5,1,0
BRDA:37,6,0,1
BRDA:37,6,1,1
BRDA:42,7,0,0
BRDA:42,7,1,4
BRF:17
BRH:12
end_of_record
TN:
SF:src/components/TextField/constants.ts
FNF:0
FNH:0
DA:1,46
DA:2,46
DA:3,46
DA:4,46
DA:5,46
DA:6,46
DA:7,46
DA:8,46
DA:9,46
DA:10,46
LF:10
LH:10
BRF:0
BRH:0
end_of_record
TN:
SF:src/components/Typography/FormHelperText.tsx
FN:6,(anonymous_0)
FNF:1
FNH:1
FNDA:3,(anonymous_0)
DA:6,46
DA:7,3
LF:2
LH:2
BRF:0
BRH:0
end_of_record
TN:
SF:src/components/Typography/Text.tsx
FN:10,(anonymous_0)
FN:38,(anonymous_1)
FN:45,(anonymous_2)
FNF:3
FNH:3
FNDA:934,(anonymous_0)
FNDA:931,(anonymous_1)
FNDA:460,(anonymous_2)
DA:9,46
DA:31,934
DA:32,934
DA:33,934
DA:34,934
DA:36,934
DA:38,934
DA:39,931
DA:40,6
DA:42,925
DA:45,934
DA:46,460
DA:47,3
DA:50,457
DA:51,9
DA:53,448
DA:56,931
DA:87,46
LF:18
LH:18
BRDA:24,0,0,922
BRDA:25,1,0,928
BRDA:26,2,0,913
BRDA:36,3,0,934
BRDA:36,3,1,919
BRDA:39,4,0,6
BRDA:39,4,1,925
BRDA:42,5,0,925
BRDA:42,5,1,919
BRDA:46,6,0,3
BRDA:46,6,1,457
BRDA:46,7,0,460
BRDA:46,7,1,12
BRDA:50,8,0,9
BRDA:50,8,1,448
BRDA:50,9,0,457
BRDA:50,9,1,251
BRF:17
BRH:17
end_of_record
TN:
SF:src/hooks/useThemeDimensions.tsx
FN:10,(anonymous_0)
FNF:1
FNH:1
FNDA:12,(anonymous_0)
DA:10,1
DA:11,12
DA:12,12
DA:13,12
DA:14,12
DA:15,12
DA:17,12
LF:7
LH:7
BRF:0
BRH:0
end_of_record
TN:
SF:src/hooks/useThemedProps.ts
FN:9,(anonymous_0)
FN:12,(anonymous_1)
FNF:2
FNH:2
FNDA:534,(anonymous_0)
FNDA:509,(anonymous_1)
DA:9,47
DA:10,534
DA:12,533
DA:13,509
DA:17,509
DA:18,506
DA:19,906
DA:21,906
DA:22,852
DA:25,54
DA:26,8
DA:27,46
DA:28,40
DA:30,6
DA:31,6
DA:36,509
LF:16
LH:16
BRDA:17,0,0,506
BRDA:17,0,1,3
BRDA:21,1,0,852
BRDA:21,1,1,54
BRDA:21,2,0,906
BRDA:21,2,1,906
BRDA:25,3,0,8
BRDA:25,3,1,46
BRDA:25,4,0,54
BRDA:25,4,1,54
BRDA:27,5,0,40
BRDA:27,5,1,6
BRF:12
BRH:12
end_of_record
TN:
SF:src/libraries/themes/V2ThemeContext.tsx
FN:50,(anonymous_0)
FN:70,(anonymous_1)
FN:91,(anonymous_2)
FN:136,(anonymous_3)
FN:145,(anonymous_4)
FN:152,(anonymous_5)
FN:153,(anonymous_6)
FN:158,(anonymous_7)
FNF:8
FNH:8
FNDA:6,(anonymous_0)
FNDA:10,(anonymous_1)
FNDA:3,(anonymous_2)
FNDA:667,(anonymous_3)
FNDA:661,(anonymous_4)
FNDA:661,(anonymous_5)
FNDA:667,(anonymous_6)
FNDA:5,(anonymous_7)
DA:21,47
DA:29,47
DA:33,47
DA:37,47
DA:50,47
DA:53,6
DA:70,47
DA:71,10
DA:91,47
DA:92,3
DA:93,3
DA:136,47
DA:143,667
DA:145,667
DA:146,661
DA:147,0
DA:149,661
DA:152,667
DA:153,667
DA:155,667
DA:158,47
DA:159,5
DA:160,5
DA:161,1
DA:163,4
LF:25
LH:24
BRDA:93,0,0,3
BRDA:93,0,1,0
BRDA:141,1,0,512
BRDA:146,2,0,0
BRDA:146,2,1,661
BRDA:147,3,0,0
BRDA:147,3,1,0
BRDA:149,4,0,661
BRDA:149,4,1,660
BRDA:152,5,0,661
BRDA:152,5,1,655
BRDA:160,6,0,1
BRDA:160,6,1,4
BRF:13
BRH:9
end_of_record
TN:
SF:src/libraries/themes/hooks.ts
FN:6,(anonymous_0)
FN:7,(anonymous_1)
FN:14,(anonymous_2)
FN:15,(anonymous_3)
FN:22,(anonymous_4)
FN:23,(anonymous_5)
FN:30,(anonymous_6)
FN:31,(anonymous_7)
FN:38,(anonymous_8)
FN:39,(anonymous_9)
FN:46,(anonymous_10)
FN:47,(anonymous_11)
FN:54,(anonymous_12)
FN:55,(anonymous_13)
FN:58,(anonymous_14)
FN:59,(anonymous_15)
FN:62,(anonymous_16)
FN:63,(anonymous_17)
FN:65,(anonymous_18)
FN:66,(anonymous_19)
FN:68,(anonymous_20)
FN:69,(anonymous_21)
FN:72,(anonymous_22)
FN:73,(anonymous_23)
FN:75,(anonymous_24)
FN:76,(anonymous_25)
FN:79,(anonymous_26)
FN:80,(anonymous_27)
FN:83,(anonymous_28)
FN:84,(anonymous_29)
FN:87,(anonymous_30)
FN:88,(anonymous_31)
FN:91,(anonymous_32)
FN:92,(anonymous_33)
FN:95,(anonymous_34)
FN:96,(anonymous_35)
FN:99,(anonymous_36)
FN:100,(anonymous_37)
FN:103,(anonymous_38)
FN:104,(anonymous_39)
FN:107,(anonymous_40)
FN:108,(anonymous_41)
FN:111,(anonymous_42)
FN:112,(anonymous_43)
FN:115,(anonymous_44)
FN:116,(anonymous_45)
FNF:46
FNH:46
FNDA:949,(anonymous_0)
FNDA:949,(anonymous_1)
FNDA:1714,(anonymous_2)
FNDA:1714,(anonymous_3)
FNDA:15,(anonymous_4)
FNDA:15,(anonymous_5)
FNDA:15,(anonymous_6)
FNDA:15,(anonymous_7)
FNDA:15,(anonymous_8)
FNDA:15,(anonymous_9)
FNDA:57,(anonymous_10)
FNDA:57,(anonymous_11)
FNDA:938,(anonymous_12)
FNDA:938,(anonymous_13)
FNDA:66,(anonymous_14)
FNDA:66,(anonymous_15)
FNDA:99,(anonymous_16)
FNDA:99,(anonymous_17)
FNDA:8,(anonymous_18)
FNDA:8,(anonymous_19)
FNDA:6,(anonymous_20)
FNDA:6,(anonymous_21)
FNDA:14,(anonymous_22)
FNDA:14,(anonymous_23)
FNDA:12,(anonymous_24)
FNDA:12,(anonymous_25)
FNDA:74,(anonymous_26)
FNDA:74,(anonymous_27)
FNDA:78,(anonymous_28)
FNDA:78,(anonymous_29)
FNDA:44,(anonymous_30)
FNDA:44,(anonymous_31)
FNDA:16,(anonymous_32)
FNDA:16,(anonymous_33)
FNDA:46,(anonymous_34)
FNDA:46,(anonymous_35)
FNDA:28,(anonymous_36)
FNDA:28,(anonymous_37)
FNDA:40,(anonymous_38)
FNDA:40,(anonymous_39)
FNDA:16,(anonymous_40)
FNDA:16,(anonymous_41)
FNDA:147,(anonymous_42)
FNDA:147,(anonymous_43)
FNDA:16,(anonymous_44)
FNDA:16,(anonymous_45)
DA:4,47
DA:6,47
DA:7,949
DA:8,949
DA:9,1
DA:11,948
DA:14,47
DA:15,1714
DA:16,1714
DA:17,2
DA:19,1712
DA:22,47
DA:23,15
DA:24,15
DA:25,1
DA:27,14
DA:30,47
DA:31,15
DA:32,15
DA:33,1
DA:35,14
DA:38,47
DA:39,15
DA:40,15
DA:41,1
DA:43,14
DA:46,47
DA:47,57
DA:48,57
DA:49,1
DA:51,56
DA:54,47
DA:55,938
DA:58,47
DA:59,66
DA:62,47
DA:63,99
DA:65,47
DA:66,8
DA:68,47
DA:69,6
DA:72,47
DA:73,14
DA:75,47
DA:76,12
DA:79,47
DA:80,74
DA:83,47
DA:84,78
DA:87,47
DA:88,44
DA:91,47
DA:92,16
DA:95,47
DA:96,46
DA:99,47
DA:100,28
DA:103,47
DA:104,40
DA:107,47
DA:108,16
DA:111,47
DA:112,147
DA:115,47
DA:116,16
LF:65
LH:65
BRDA:8,0,0,1
BRDA:8,0,1,948
BRDA:16,1,0,2
BRDA:16,1,1,1712
BRDA:24,2,0,1
BRDA:24,2,1,14
BRDA:32,3,0,1
BRDA:32,3,1,14
BRDA:40,4,0,1
BRDA:40,4,1,14
BRDA:48,5,0,1
BRDA:48,5,1,56
BRF:12
BRH:12
end_of_record
TN:
SF:src/libraries/themes/v1/colors/accent.ts
FNF:0
FNH:0
DA:3,47
LF:1
LH:1
BRF:0
BRH:0
end_of_record
TN:
SF:src/libraries/themes/v1/colors/amber.ts
FNF:0
FNH:0
DA:3,47
LF:1
LH:1
BRF:0
BRH:0
end_of_record
TN:
SF:src/libraries/themes/v1/colors/blueGrey.ts
FNF:0
FNH:0
DA:3,47
LF:1
LH:1
BRF:0
BRH:0
end_of_record
TN:
SF:src/libraries/themes/v1/colors/brown.ts
FNF:0
FNH:0
DA:3,47
LF:1
LH:1
BRF:0
BRH:0
end_of_record
TN:
SF:src/libraries/themes/v1/colors/colors.ts
FN:68,(anonymous_0)
FN:74,(anonymous_1)
FNF:2
FNH:2
FNDA:1457,(anonymous_0)
FNDA:14570,(anonymous_1)
DA:34,47
DA:68,47
DA:69,1457
DA:70,1457
DA:71,1457
DA:72,1457
DA:74,1457
DA:75,14570
DA:76,14570
DA:79,1457
DA:82,47
LF:11
LH:11
BRF:0
BRH:0
end_of_record
TN:
SF:src/libraries/themes/v1/colors/cyan.ts
FNF:0
FNH:0
DA:3,47
LF:1
LH:1
BRF:0
BRH:0
end_of_record
TN:
SF:src/libraries/themes/v1/colors/cyanV2.ts
FNF:0
FNH:0
DA:3,47
LF:1
LH:1
BRF:0
BRH:0
end_of_record
TN:
SF:src/libraries/themes/v1/colors/daybreakBlue.ts
FNF:0
FNH:0
DA:3,47
LF:1
LH:1
BRF:0
BRH:0
end_of_record
TN:
SF:src/libraries/themes/v1/colors/deepOrange.ts
FNF:0
FNH:0
DA:3,47
LF:1
LH:1
BRF:0
BRH:0
end_of_record
TN:
SF:src/libraries/themes/v1/colors/frenchMagenta.ts
FNF:0
FNH:0
DA:3,47
LF:1
LH:1
BRF:0
BRH:0
end_of_record
TN:
SF:src/libraries/themes/v1/colors/geekBlue.ts
FNF:0
FNH:0
DA:3,47
LF:1
LH:1
BRF:0
BRH:0
end_of_record
TN:
SF:src/libraries/themes/v1/colors/goldenPurple.ts
FNF:0
FNH:0
DA:3,47
LF:1
LH:1
BRF:0
BRH:0
end_of_record
TN:
SF:src/libraries/themes/v1/colors/gray.ts
FNF:0
FNH:0
DA:3,47
LF:1
LH:1
BRF:0
BRH:0
end_of_record
TN:
SF:src/libraries/themes/v1/colors/green.ts
FNF:0
FNH:0
DA:3,47
LF:1
LH:1
BRF:0
BRH:0
end_of_record
TN:
SF:src/libraries/themes/v1/colors/lightBlue.ts
FNF:0
FNH:0
DA:3,47
LF:1
LH:1
BRF:0
BRH:0
end_of_record
TN:
SF:src/libraries/themes/v1/colors/lightGreen.ts
FNF:0
FNH:0
DA:3,47
LF:1
LH:1
BRF:0
BRH:0
end_of_record
TN:
SF:src/libraries/themes/v1/colors/lime.ts
FNF:0
FNH:0
DA:3,47
LF:1
LH:1
BRF:0
BRH:0
end_of_record
TN:
SF:src/libraries/themes/v1/colors/limeV2.ts
FNF:0
FNH:0
DA:3,47
LF:1
LH:1
BRF:0
BRH:0
end_of_record
TN:
SF:src/libraries/themes/v1/colors/orange.ts
FNF:0
FNH:0
DA:3,47
LF:1
LH:1
BRF:0
BRH:0
end_of_record
TN:
SF:src/libraries/themes/v1/colors/pink.ts
FNF:0
FNH:0
DA:3,47
LF:1
LH:1
BRF:0
BRH:0
end_of_record
TN:
SF:src/libraries/themes/v1/colors/polarGreen.ts
FNF:0
FNH:0
DA:3,47
LF:1
LH:1
BRF:0
BRH:0
end_of_record
TN:
SF:src/libraries/themes/v1/colors/primary.ts
FNF:0
FNH:0
DA:3,47
LF:1
LH:1
BRF:0
BRH:0
end_of_record
TN:
SF:src/libraries/themes/v1/colors/secondary.ts
FNF:0
FNH:0
DA:3,47
LF:1
LH:1
BRF:0
BRH:0
end_of_record
TN:
SF:src/libraries/themes/v1/colors/sunriseYellow.ts
FNF:0
FNH:0
DA:3,47
LF:1
LH:1
BRF:0
BRH:0
end_of_record
TN:
SF:src/libraries/themes/v1/colors/sunsetOrange.ts
FNF:0
FNH:0
DA:3,47
LF:1
LH:1
BRF:0
BRH:0
end_of_record
TN:
SF:src/libraries/themes/v1/colors/teal.ts
FNF:0
FNH:0
DA:3,47
LF:1
LH:1
BRF:0
BRH:0
end_of_record
TN:
SF:src/libraries/themes/v1/colors/volcano.ts
FNF:0
FNH:0
DA:3,47
LF:1
LH:1
BRF:0
BRH:0
end_of_record
TN:
SF:src/libraries/themes/v1/colors/white.ts
FNF:0
FNH:0
DA:3,47
LF:1
LH:1
BRF:0
BRH:0
end_of_record
TN:
SF:src/libraries/themes/v1/colors/yellow.ts
FNF:0
FNH:0
DA:3,47
LF:1
LH:1
BRF:0
BRH:0
end_of_record
TN:
SF:src/libraries/themes/v1/sizes/font.ts
FNF:0
FNH:0
DA:1,47
LF:1
LH:1
BRF:0
BRH:0
end_of_record
TN:
SF:src/libraries/themes/v1/sizes/fontWeight.ts
FNF:0
FNH:0
DA:1,47
LF:1
LH:1
BRF:0
BRH:0
end_of_record
TN:
SF:src/libraries/themes/v1/sizes/latterSpacing.ts
FNF:0
FNH:0
DA:1,47
LF:1
LH:1
BRF:0
BRH:0
end_of_record
TN:
SF:src/libraries/themes/v1/sizes/lingHeight.ts
FNF:0
FNH:0
DA:1,47
LF:1
LH:1
BRF:0
BRH:0
end_of_record
TN:
SF:src/libraries/themes/v1/sizes/spacing.ts
FNF:0
FNH:0
DA:1,47
LF:1
LH:1
BRF:0
BRH:0
end_of_record
TN:
SF:src/utils/dimensions.ts
FNF:0
FNH:0
DA:2,46
DA:4,46
DA:5,46
DA:6,46
LF:4
LH:4
BRF:0
BRH:0
end_of_record
TN:
SF:src/utils/styleGenerator.ts
FN:16,(anonymous_0)
FN:17,(anonymous_1)
FN:19,(anonymous_2)
FN:22,(anonymous_3)
FN:36,(anonymous_4)
FNF:5
FNH:5
FNDA:2,(anonymous_0)
FNDA:5,(anonymous_1)
FNDA:134,(anonymous_2)
FNDA:127,(anonymous_3)
FNDA:90,(anonymous_4)
DA:16,46
DA:17,5
DA:19,46
DA:20,134
DA:22,46
DA:23,127
DA:24,127
DA:25,5
DA:26,5
DA:28,122
DA:36,46
DA:37,90
DA:38,90
DA:40,90
DA:41,126
DA:42,126
DA:43,0
DA:44,0
DA:46,126
DA:52,90
LF:20
LH:18
BRDA:20,0,0,132
BRDA:20,0,1,2
BRDA:20,1,0,134
BRDA:20,1,1,133
BRDA:24,2,0,5
BRDA:24,2,1,122
BRDA:42,3,0,0
BRDA:42,3,1,126
BRF:8
BRH:7
end_of_record
TN:
SF:src/utils/utils.ts
FN:39,(anonymous_0)
FN:60,(anonymous_1)
FN:64,(anonymous_2)
FN:71,(anonymous_3)
FN:76,(anonymous_4)
FN:77,(anonymous_5)
FN:84,(anonymous_6)
FNF:7
FNH:7
FNDA:330,(anonymous_0)
FNDA:14,(anonymous_1)
FNDA:33,(anonymous_2)
FNDA:11,(anonymous_3)
FNDA:9,(anonymous_4)
FNDA:9,(anonymous_5)
FNDA:174,(anonymous_6)
DA:5,46
DA:6,46
DA:39,46
DA:40,330
DA:41,35
DA:42,295
DA:43,175
DA:44,120
DA:45,21
DA:46,99
DA:47,30
DA:48,69
DA:49,27
DA:50,42
DA:51,21
DA:52,21
DA:53,13
DA:54,8
DA:55,5
DA:57,3
DA:60,46
DA:61,14
DA:64,46
DA:65,33
DA:71,46
DA:76,46
DA:77,9
DA:84,46
DA:88,174
DA:89,4
DA:90,170
DA:91,2
DA:92,2
DA:93,2
DA:94,168
DA:95,3
DA:96,3
DA:97,165
DA:98,2
DA:99,2
DA:100,163
DA:101,0
DA:104,163
LF:43
LH:42
BRDA:40,0,0,35
BRDA:40,0,1,295
BRDA:41,1,0,35
BRDA:41,1,1,31
BRDA:42,2,0,175
BRDA:42,2,1,120
BRDA:43,3,0,175
BRDA:43,3,1,171
BRDA:44,4,0,21
BRDA:44,4,1,99
BRDA:45,5,0,21
BRDA:45,5,1,17
BRDA:46,6,0,30
BRDA:46,6,1,69
BRDA:47,7,0,30
BRDA:47,7,1,26
BRDA:48,8,0,27
BRDA:48,8,1,42
BRDA:49,9,0,27
BRDA:49,9,1,23
BRDA:50,10,0,21
BRDA:50,10,1,21
BRDA:51,11,0,21
BRDA:51,11,1,17
BRDA:52,12,0,13
BRDA:52,12,1,8
BRDA:53,13,0,13
BRDA:53,13,1,9
BRDA:54,14,0,5
BRDA:54,14,1,3
BRDA:55,15,0,5
BRDA:55,15,1,1
BRDA:61,16,0,11
BRDA:61,16,1,3
BRDA:88,17,0,4
BRDA:88,17,1,170
BRDA:88,18,0,174
BRDA:88,18,1,11
BRDA:88,18,2,6
BRDA:88,18,3,6
BRDA:90,19,0,2
BRDA:90,19,1,168
BRDA:90,20,0,170
BRDA:90,20,1,5
BRDA:94,21,0,3
BRDA:94,21,1,165
BRDA:94,22,0,168
BRDA:94,22,1,3
BRDA:94,22,2,3
BRDA:97,23,0,2
BRDA:97,23,1,163
BRDA:97,24,0,165
BRDA:97,24,1,2
BRDA:97,24,2,2
BRDA:100,25,0,0
BRDA:100,25,1,163
BRDA:100,26,0,163
BRDA:100,26,1,0
BRF:58
BRH:56
end_of_record
